<?xml version="1.0" encoding="utf-8"?>
<test-run id="2" duration="0.7757248999999996" testcasecount="272" total="272" passed="229" failed="0" inconclusive="43" skipped="0" result="Passed" start-time="2020-11-11T 21:18:34Z" end-time="2020-11-11T 21:18:35Z">
  <test-suite type="Assembly" name="ZptSharp.Tests.dll" fullname="/home/craig/Projects/ZPT-Sharp/ZptSharp.Tests/bin/Debug/netcoreapp3.1/ZptSharp.Tests.dll" total="272" passed="229" failed="0" inconclusive="43" skipped="0" result="Passed" duration="0.7757249">
    <test-suite type="TestSuite" name="ZptSharp" fullname="ZptSharp" total="50" passed="7" failed="0" inconclusive="43" skipped="0" result="Passed" duration="0.017273">
      <test-suite type="TestFixture" name="ZptDocumentRendererTests" fullname="ZptSharp.ZptDocumentRendererTests" total="4" passed="4" failed="0" inconclusive="0" skipped="0" result="Passed" duration="0.00849">
        <test-case name="RenderAsync_returns_result_from_renderer_service(auto&lt;RenderingConfig&gt;,auto&lt;IServiceProvider&gt;,auto&lt;ZptDocumentRenderer&gt;,auto&lt;Stream&gt;,auto&lt;Stream&gt;,auto&lt;Object&gt;,auto&lt;CancellationToken&gt;,auto&lt;IRendersRenderingRequest&gt;)" fullname="ZptSharp.ZptDocumentRendererTests.RenderAsync_returns_result_from_renderer_service" methodname="RenderAsync_returns_result_from_renderer_service" classname="ZptSharp.ZptDocumentRendererTests" result="Passed" duration="0.002994" asserts="0" />
        <test-case name="RenderAsync_throws_ANE_if_the_stream_is_null(auto&lt;RenderingConfig&gt;,auto&lt;ZptDocumentRenderer&gt;,auto&lt;Object&gt;,auto&lt;CancellationToken&gt;)" fullname="ZptSharp.ZptDocumentRendererTests.RenderAsync_throws_ANE_if_the_stream_is_null" methodname="RenderAsync_throws_ANE_if_the_stream_is_null" classname="ZptSharp.ZptDocumentRendererTests" result="Passed" duration="0.000406" asserts="0" />
        <test-case name="RenderAsync_uses_fallback_context_builder_if_none_provided(auto&lt;RenderingConfig&gt;,auto&lt;IServiceProvider&gt;,auto&lt;ZptDocumentRenderer&gt;,auto&lt;Stream&gt;,auto&lt;Object&gt;,auto&lt;CancellationToken&gt;,auto&lt;IRendersRenderingRequest&gt;)" fullname="ZptSharp.ZptDocumentRendererTests.RenderAsync_uses_fallback_context_builder_if_none_provided" methodname="RenderAsync_uses_fallback_context_builder_if_none_provided" classname="ZptSharp.ZptDocumentRendererTests" result="Passed" duration="0.001699" asserts="0" />
        <test-case name="RenderAsync_uses_rendering_service_from_service_provider(auto&lt;RenderingConfig&gt;,auto&lt;IServiceProvider&gt;,auto&lt;ZptDocumentRenderer&gt;,auto&lt;Stream&gt;,auto&lt;Object&gt;,auto&lt;CancellationToken&gt;,auto&lt;IRendersRenderingRequest&gt;)" fullname="ZptSharp.ZptDocumentRendererTests.RenderAsync_uses_rendering_service_from_service_provider" methodname="RenderAsync_uses_rendering_service_from_service_provider" classname="ZptSharp.ZptDocumentRendererTests" result="Passed" duration="0.003391" asserts="0" />
      </test-suite>
      <test-suite type="TestFixture" name="ZptFileRendererTests" fullname="ZptSharp.ZptFileRendererTests" total="3" passed="3" failed="0" inconclusive="0" skipped="0" result="Passed" duration="0.008783">
        <test-case name="RenderAsync_can_render_a_file_using_a_detected_reader_writer(auto&lt;RenderingConfig&gt;,auto&lt;IServiceProvider&gt;,auto&lt;ZptFileRenderer&gt;,auto&lt;IGetsDocumentReaderWriterForFile&gt;,auto&lt;IReadsAndWritesDocument&gt;,auto&lt;IGetsZptDocumentRenderer&gt;,auto&lt;IRendersZptDocument&gt;,auto&lt;Object&gt;,auto&lt;Stream&gt;)" fullname="ZptSharp.ZptFileRendererTests.RenderAsync_can_render_a_file_using_a_detected_reader_writer" methodname="RenderAsync_can_render_a_file_using_a_detected_reader_writer" classname="ZptSharp.ZptFileRendererTests" result="Passed" duration="0.006798" asserts="0" />
        <test-case name="RenderAsync_throws_file_not_found_exception_if_source_file_does_not_exist(auto&lt;ZptFileRenderer&gt;,auto&lt;Object&gt;,auto&lt;Stream&gt;)" fullname="ZptSharp.ZptFileRendererTests.RenderAsync_throws_file_not_found_exception_if_source_file_does_not_exist" methodname="RenderAsync_throws_file_not_found_exception_if_source_file_does_not_exist" classname="ZptSharp.ZptFileRendererTests" result="Passed" duration="0.000632" asserts="0" />
        <test-case name="RenderAsync_throws_no_matching_readerwriter_exception_if_one_cannot_be_inferred(auto&lt;IServiceProvider&gt;,auto&lt;ZptFileRenderer&gt;,auto&lt;IGetsDocumentReaderWriterForFile&gt;,auto&lt;IGetsZptDocumentRenderer&gt;,auto&lt;Object&gt;,auto&lt;Stream&gt;)" fullname="ZptSharp.ZptFileRendererTests.RenderAsync_throws_no_matching_readerwriter_exception_if_one_cannot_be_inferred" methodname="RenderAsync_throws_no_matching_readerwriter_exception_if_one_cannot_be_inferred" classname="ZptSharp.ZptFileRendererTests" result="Passed" duration="0.001353" asserts="0" />
      </test-suite>
      <test-suite type="TestFixture" name="ZptIntegrationTests" fullname="ZptSharp.ZptIntegrationTests" total="43" passed="0" failed="0" inconclusive="43" skipped="0" result="Passed" duration="0">
        <test-case name="Each_output_file_should_render_as_expected(&quot;/home/craig/Projects/ZPT-Sharp/ZptSharp.Tests/TestFiles/ZptIntegrationTests/ExpectedOutputs/test11.html&quot;)" fullname="ZptSharp.ZptIntegrationTests.Each_output_file_should_render_as_expected" methodname="Each_output_file_should_render_as_expected" classname="ZptSharp.ZptIntegrationTests" result="Inconclusive" duration="0" asserts="0">
          <properties>
            <property name="Explicit" value="" />
          </properties>
        </test-case>
        <test-case name="Each_output_file_should_render_as_expected(&quot;/home/craig/Projects/ZPT-Sharp/ZptSharp.Tests/TestFiles/ZptIntegrationTests/ExpectedOutputs/test_metal3.html&quot;)" fullname="ZptSharp.ZptIntegrationTests.Each_output_file_should_render_as_expected" methodname="Each_output_file_should_render_as_expected" classname="ZptSharp.ZptIntegrationTests" result="Inconclusive" duration="0" asserts="0">
          <properties>
            <property name="Explicit" value="" />
          </properties>
        </test-case>
        <test-case name="Each_output_file_should_render_as_expected(&quot;/home/craig/Projects/ZPT-Sharp/ZptSharp.Tests/TestFiles/ZptIntegrationTests/ExpectedOutputs/test_metal2.html&quot;)" fullname="ZptSharp.ZptIntegrationTests.Each_output_file_should_render_as_expected" methodname="Each_output_file_should_render_as_expected" classname="ZptSharp.ZptIntegrationTests" result="Inconclusive" duration="0" asserts="0">
          <properties>
            <property name="Explicit" value="" />
          </properties>
        </test-case>
        <test-case name="Each_output_file_should_render_as_expected(&quot;/home/craig/Projects/ZPT-Sharp/ZptSharp.Tests/TestFiles/ZptIntegrationTests/ExpectedOutputs/issue-221_form_test.html&quot;)" fullname="ZptSharp.ZptIntegrationTests.Each_output_file_should_render_as_expected" methodname="Each_output_file_should_render_as_expected" classname="ZptSharp.ZptIntegrationTests" result="Inconclusive" duration="0" asserts="0">
          <properties>
            <property name="Explicit" value="" />
          </properties>
        </test-case>
        <test-case name="Each_output_file_should_render_as_expected(&quot;/home/craig/Projects/ZPT-Sharp/ZptSharp.Tests/TestFiles/ZptIntegrationTests/ExpectedOutputs/test10.html&quot;)" fullname="ZptSharp.ZptIntegrationTests.Each_output_file_should_render_as_expected" methodname="Each_output_file_should_render_as_expected" classname="ZptSharp.ZptIntegrationTests" result="Inconclusive" duration="0" asserts="0">
          <properties>
            <property name="Explicit" value="" />
          </properties>
        </test-case>
        <test-case name="Each_output_file_should_render_as_expected(&quot;/home/craig/Projects/ZPT-Sharp/ZptSharp.Tests/TestFiles/ZptIntegrationTests/ExpectedOutputs/test16.html&quot;)" fullname="ZptSharp.ZptIntegrationTests.Each_output_file_should_render_as_expected" methodname="Each_output_file_should_render_as_expected" classname="ZptSharp.ZptIntegrationTests" result="Inconclusive" duration="0" asserts="0">
          <properties>
            <property name="Explicit" value="" />
          </properties>
        </test-case>
        <test-case name="Each_output_file_should_render_as_expected(&quot;/home/craig/Projects/ZPT-Sharp/ZptSharp.Tests/TestFiles/ZptIntegrationTests/ExpectedOutputs/test06.html&quot;)" fullname="ZptSharp.ZptIntegrationTests.Each_output_file_should_render_as_expected" methodname="Each_output_file_should_render_as_expected" classname="ZptSharp.ZptIntegrationTests" result="Inconclusive" duration="0" asserts="0">
          <properties>
            <property name="Explicit" value="" />
          </properties>
        </test-case>
        <test-case name="Each_output_file_should_render_as_expected(&quot;/home/craig/Projects/ZPT-Sharp/ZptSharp.Tests/TestFiles/ZptIntegrationTests/ExpectedOutputs/checknotexpression.html&quot;)" fullname="ZptSharp.ZptIntegrationTests.Each_output_file_should_render_as_expected" methodname="Each_output_file_should_render_as_expected" classname="ZptSharp.ZptIntegrationTests" result="Inconclusive" duration="0" asserts="0">
          <properties>
            <property name="Explicit" value="" />
          </properties>
        </test-case>
        <test-case name="Each_output_file_should_render_as_expected(&quot;/home/craig/Projects/ZPT-Sharp/ZptSharp.Tests/TestFiles/ZptIntegrationTests/ExpectedOutputs/dtml3.html&quot;)" fullname="ZptSharp.ZptIntegrationTests.Each_output_file_should_render_as_expected" methodname="Each_output_file_should_render_as_expected" classname="ZptSharp.ZptIntegrationTests" result="Inconclusive" duration="0" asserts="0">
          <properties>
            <property name="Explicit" value="" />
          </properties>
        </test-case>
        <test-case name="Each_output_file_should_render_as_expected(&quot;/home/craig/Projects/ZPT-Sharp/ZptSharp.Tests/TestFiles/ZptIntegrationTests/ExpectedOutputs/test_metal8.html&quot;)" fullname="ZptSharp.ZptIntegrationTests.Each_output_file_should_render_as_expected" methodname="Each_output_file_should_render_as_expected" classname="ZptSharp.ZptIntegrationTests" result="Inconclusive" duration="0" asserts="0">
          <properties>
            <property name="Explicit" value="" />
          </properties>
        </test-case>
        <test-case name="Each_output_file_should_render_as_expected(&quot;/home/craig/Projects/ZPT-Sharp/ZptSharp.Tests/TestFiles/ZptIntegrationTests/ExpectedOutputs/test_metal4.html&quot;)" fullname="ZptSharp.ZptIntegrationTests.Each_output_file_should_render_as_expected" methodname="Each_output_file_should_render_as_expected" classname="ZptSharp.ZptIntegrationTests" result="Inconclusive" duration="0" asserts="0">
          <properties>
            <property name="Explicit" value="" />
          </properties>
        </test-case>
        <test-case name="Each_output_file_should_render_as_expected(&quot;/home/craig/Projects/ZPT-Sharp/ZptSharp.Tests/TestFiles/ZptIntegrationTests/ExpectedOutputs/PipeExpression.html&quot;)" fullname="ZptSharp.ZptIntegrationTests.Each_output_file_should_render_as_expected" methodname="Each_output_file_should_render_as_expected" classname="ZptSharp.ZptIntegrationTests" result="Inconclusive" duration="0" asserts="0">
          <properties>
            <property name="Explicit" value="" />
          </properties>
        </test-case>
        <test-case name="Each_output_file_should_render_as_expected(&quot;/home/craig/Projects/ZPT-Sharp/ZptSharp.Tests/TestFiles/ZptIntegrationTests/ExpectedOutputs/test15.html&quot;)" fullname="ZptSharp.ZptIntegrationTests.Each_output_file_should_render_as_expected" methodname="Each_output_file_should_render_as_expected" classname="ZptSharp.ZptIntegrationTests" result="Inconclusive" duration="0" asserts="0">
          <properties>
            <property name="Explicit" value="" />
          </properties>
        </test-case>
        <test-case name="Each_output_file_should_render_as_expected(&quot;/home/craig/Projects/ZPT-Sharp/ZptSharp.Tests/TestFiles/ZptIntegrationTests/ExpectedOutputs/test02.html&quot;)" fullname="ZptSharp.ZptIntegrationTests.Each_output_file_should_render_as_expected" methodname="Each_output_file_should_render_as_expected" classname="ZptSharp.ZptIntegrationTests" result="Inconclusive" duration="0" asserts="0">
          <properties>
            <property name="Explicit" value="" />
          </properties>
        </test-case>
        <test-case name="Each_output_file_should_render_as_expected(&quot;/home/craig/Projects/ZPT-Sharp/ZptSharp.Tests/TestFiles/ZptIntegrationTests/ExpectedOutputs/teeshop2.html&quot;)" fullname="ZptSharp.ZptIntegrationTests.Each_output_file_should_render_as_expected" methodname="Each_output_file_should_render_as_expected" classname="ZptSharp.ZptIntegrationTests" result="Inconclusive" duration="0" asserts="0">
          <properties>
            <property name="Explicit" value="" />
          </properties>
        </test-case>
        <test-case name="Each_output_file_should_render_as_expected(&quot;/home/craig/Projects/ZPT-Sharp/ZptSharp.Tests/TestFiles/ZptIntegrationTests/ExpectedOutputs/test07.html&quot;)" fullname="ZptSharp.ZptIntegrationTests.Each_output_file_should_render_as_expected" methodname="Each_output_file_should_render_as_expected" classname="ZptSharp.ZptIntegrationTests" result="Inconclusive" duration="0" asserts="0">
          <properties>
            <property name="Explicit" value="" />
          </properties>
        </test-case>
        <test-case name="Each_output_file_should_render_as_expected(&quot;/home/craig/Projects/ZPT-Sharp/ZptSharp.Tests/TestFiles/ZptIntegrationTests/ExpectedOutputs/test_metal6.html&quot;)" fullname="ZptSharp.ZptIntegrationTests.Each_output_file_should_render_as_expected" methodname="Each_output_file_should_render_as_expected" classname="ZptSharp.ZptIntegrationTests" result="Inconclusive" duration="0" asserts="0">
          <properties>
            <property name="Explicit" value="" />
          </properties>
        </test-case>
        <test-case name="Each_output_file_should_render_as_expected(&quot;/home/craig/Projects/ZPT-Sharp/ZptSharp.Tests/TestFiles/ZptIntegrationTests/ExpectedOutputs/test18.html&quot;)" fullname="ZptSharp.ZptIntegrationTests.Each_output_file_should_render_as_expected" methodname="Each_output_file_should_render_as_expected" classname="ZptSharp.ZptIntegrationTests" result="Inconclusive" duration="0" asserts="0">
          <properties>
            <property name="Explicit" value="" />
          </properties>
        </test-case>
        <test-case name="Each_output_file_should_render_as_expected(&quot;/home/craig/Projects/ZPT-Sharp/ZptSharp.Tests/TestFiles/ZptIntegrationTests/ExpectedOutputs/csharpTest2.html&quot;)" fullname="ZptSharp.ZptIntegrationTests.Each_output_file_should_render_as_expected" methodname="Each_output_file_should_render_as_expected" classname="ZptSharp.ZptIntegrationTests" result="Inconclusive" duration="0" asserts="0">
          <properties>
            <property name="Explicit" value="" />
          </properties>
        </test-case>
        <test-case name="Each_output_file_should_render_as_expected(&quot;/home/craig/Projects/ZPT-Sharp/ZptSharp.Tests/TestFiles/ZptIntegrationTests/ExpectedOutputs/stringexpression.html&quot;)" fullname="ZptSharp.ZptIntegrationTests.Each_output_file_should_render_as_expected" methodname="Each_output_file_should_render_as_expected" classname="ZptSharp.ZptIntegrationTests" result="Inconclusive" duration="0" asserts="0">
          <properties>
            <property name="Explicit" value="" />
          </properties>
        </test-case>
        <test-case name="Each_output_file_should_render_as_expected(&quot;/home/craig/Projects/ZPT-Sharp/ZptSharp.Tests/TestFiles/ZptIntegrationTests/ExpectedOutputs/test_metal9.html&quot;)" fullname="ZptSharp.ZptIntegrationTests.Each_output_file_should_render_as_expected" methodname="Each_output_file_should_render_as_expected" classname="ZptSharp.ZptIntegrationTests" result="Inconclusive" duration="0" asserts="0">
          <properties>
            <property name="Explicit" value="" />
          </properties>
        </test-case>
        <test-case name="Each_output_file_should_render_as_expected(&quot;/home/craig/Projects/ZPT-Sharp/ZptSharp.Tests/TestFiles/ZptIntegrationTests/ExpectedOutputs/test03.html&quot;)" fullname="ZptSharp.ZptIntegrationTests.Each_output_file_should_render_as_expected" methodname="Each_output_file_should_render_as_expected" classname="ZptSharp.ZptIntegrationTests" result="Inconclusive" duration="0" asserts="0">
          <properties>
            <property name="Explicit" value="" />
          </properties>
        </test-case>
        <test-case name="Each_output_file_should_render_as_expected(&quot;/home/craig/Projects/ZPT-Sharp/ZptSharp.Tests/TestFiles/ZptIntegrationTests/ExpectedOutputs/csharpTest3.html&quot;)" fullname="ZptSharp.ZptIntegrationTests.Each_output_file_should_render_as_expected" methodname="Each_output_file_should_render_as_expected" classname="ZptSharp.ZptIntegrationTests" result="Inconclusive" duration="0" asserts="0">
          <properties>
            <property name="Explicit" value="" />
          </properties>
        </test-case>
        <test-case name="Each_output_file_should_render_as_expected(&quot;/home/craig/Projects/ZPT-Sharp/ZptSharp.Tests/TestFiles/ZptIntegrationTests/ExpectedOutputs/UnfamiliarCharactersTest.html&quot;)" fullname="ZptSharp.ZptIntegrationTests.Each_output_file_should_render_as_expected" methodname="Each_output_file_should_render_as_expected" classname="ZptSharp.ZptIntegrationTests" result="Inconclusive" duration="0" asserts="0">
          <properties>
            <property name="Explicit" value="" />
          </properties>
        </test-case>
        <test-case name="Each_output_file_should_render_as_expected(&quot;/home/craig/Projects/ZPT-Sharp/ZptSharp.Tests/TestFiles/ZptIntegrationTests/ExpectedOutputs/test05.html&quot;)" fullname="ZptSharp.ZptIntegrationTests.Each_output_file_should_render_as_expected" methodname="Each_output_file_should_render_as_expected" classname="ZptSharp.ZptIntegrationTests" result="Inconclusive" duration="0" asserts="0">
          <properties>
            <property name="Explicit" value="" />
          </properties>
        </test-case>
        <test-case name="Each_output_file_should_render_as_expected(&quot;/home/craig/Projects/ZPT-Sharp/ZptSharp.Tests/TestFiles/ZptIntegrationTests/ExpectedOutputs/checkwithxmlheader.html&quot;)" fullname="ZptSharp.ZptIntegrationTests.Each_output_file_should_render_as_expected" methodname="Each_output_file_should_render_as_expected" classname="ZptSharp.ZptIntegrationTests" result="Inconclusive" duration="0" asserts="0">
          <properties>
            <property name="Explicit" value="" />
          </properties>
        </test-case>
        <test-case name="Each_output_file_should_render_as_expected(&quot;/home/craig/Projects/ZPT-Sharp/ZptSharp.Tests/TestFiles/ZptIntegrationTests/ExpectedOutputs/teeshop1.html&quot;)" fullname="ZptSharp.ZptIntegrationTests.Each_output_file_should_render_as_expected" methodname="Each_output_file_should_render_as_expected" classname="ZptSharp.ZptIntegrationTests" result="Inconclusive" duration="0" asserts="0">
          <properties>
            <property name="Explicit" value="" />
          </properties>
        </test-case>
        <test-case name="Each_output_file_should_render_as_expected(&quot;/home/craig/Projects/ZPT-Sharp/ZptSharp.Tests/TestFiles/ZptIntegrationTests/ExpectedOutputs/test_metal5.html&quot;)" fullname="ZptSharp.ZptIntegrationTests.Each_output_file_should_render_as_expected" methodname="Each_output_file_should_render_as_expected" classname="ZptSharp.ZptIntegrationTests" result="Inconclusive" duration="0" asserts="0">
          <properties>
            <property name="Explicit" value="" />
          </properties>
        </test-case>
        <test-case name="Each_output_file_should_render_as_expected(&quot;/home/craig/Projects/ZPT-Sharp/ZptSharp.Tests/TestFiles/ZptIntegrationTests/ExpectedOutputs/teeshoplaf.html&quot;)" fullname="ZptSharp.ZptIntegrationTests.Each_output_file_should_render_as_expected" methodname="Each_output_file_should_render_as_expected" classname="ZptSharp.ZptIntegrationTests" result="Inconclusive" duration="0" asserts="0">
          <properties>
            <property name="Explicit" value="" />
          </properties>
        </test-case>
        <test-case name="Each_output_file_should_render_as_expected(&quot;/home/craig/Projects/ZPT-Sharp/ZptSharp.Tests/TestFiles/ZptIntegrationTests/ExpectedOutputs/checknothing.html&quot;)" fullname="ZptSharp.ZptIntegrationTests.Each_output_file_should_render_as_expected" methodname="Each_output_file_should_render_as_expected" classname="ZptSharp.ZptIntegrationTests" result="Inconclusive" duration="0" asserts="0">
          <properties>
            <property name="Explicit" value="" />
          </properties>
        </test-case>
        <test-case name="Each_output_file_should_render_as_expected(&quot;/home/craig/Projects/ZPT-Sharp/ZptSharp.Tests/TestFiles/ZptIntegrationTests/ExpectedOutputs/checkpathnothing.html&quot;)" fullname="ZptSharp.ZptIntegrationTests.Each_output_file_should_render_as_expected" methodname="Each_output_file_should_render_as_expected" classname="ZptSharp.ZptIntegrationTests" result="Inconclusive" duration="0" asserts="0">
          <properties>
            <property name="Explicit" value="" />
          </properties>
        </test-case>
        <test-case name="Each_output_file_should_render_as_expected(&quot;/home/craig/Projects/ZPT-Sharp/ZptSharp.Tests/TestFiles/ZptIntegrationTests/ExpectedOutputs/attribute_html_encoding.html&quot;)" fullname="ZptSharp.ZptIntegrationTests.Each_output_file_should_render_as_expected" methodname="Each_output_file_should_render_as_expected" classname="ZptSharp.ZptIntegrationTests" result="Inconclusive" duration="0" asserts="0">
          <properties>
            <property name="Explicit" value="" />
          </properties>
        </test-case>
        <test-case name="Each_output_file_should_render_as_expected(&quot;/home/craig/Projects/ZPT-Sharp/ZptSharp.Tests/TestFiles/ZptIntegrationTests/ExpectedOutputs/csharpTest4.html&quot;)" fullname="ZptSharp.ZptIntegrationTests.Each_output_file_should_render_as_expected" methodname="Each_output_file_should_render_as_expected" classname="ZptSharp.ZptIntegrationTests" result="Inconclusive" duration="0" asserts="0">
          <properties>
            <property name="Explicit" value="" />
          </properties>
        </test-case>
        <test-case name="Each_output_file_should_render_as_expected(&quot;/home/craig/Projects/ZPT-Sharp/ZptSharp.Tests/TestFiles/ZptIntegrationTests/ExpectedOutputs/test17.html&quot;)" fullname="ZptSharp.ZptIntegrationTests.Each_output_file_should_render_as_expected" methodname="Each_output_file_should_render_as_expected" classname="ZptSharp.ZptIntegrationTests" result="Inconclusive" duration="0" asserts="0">
          <properties>
            <property name="Explicit" value="" />
          </properties>
        </test-case>
        <test-case name="Each_output_file_should_render_as_expected(&quot;/home/craig/Projects/ZPT-Sharp/ZptSharp.Tests/TestFiles/ZptIntegrationTests/ExpectedOutputs/document_list.html&quot;)" fullname="ZptSharp.ZptIntegrationTests.Each_output_file_should_render_as_expected" methodname="Each_output_file_should_render_as_expected" classname="ZptSharp.ZptIntegrationTests" result="Inconclusive" duration="0" asserts="0">
          <properties>
            <property name="Explicit" value="" />
          </properties>
        </test-case>
        <test-case name="Each_output_file_should_render_as_expected(&quot;/home/craig/Projects/ZPT-Sharp/ZptSharp.Tests/TestFiles/ZptIntegrationTests/ExpectedOutputs/csharpTest.html&quot;)" fullname="ZptSharp.ZptIntegrationTests.Each_output_file_should_render_as_expected" methodname="Each_output_file_should_render_as_expected" classname="ZptSharp.ZptIntegrationTests" result="Inconclusive" duration="0" asserts="0">
          <properties>
            <property name="Explicit" value="" />
          </properties>
        </test-case>
        <test-case name="Each_output_file_should_render_as_expected(&quot;/home/craig/Projects/ZPT-Sharp/ZptSharp.Tests/TestFiles/ZptIntegrationTests/ExpectedOutputs/test08.html&quot;)" fullname="ZptSharp.ZptIntegrationTests.Each_output_file_should_render_as_expected" methodname="Each_output_file_should_render_as_expected" classname="ZptSharp.ZptIntegrationTests" result="Inconclusive" duration="0" asserts="0">
          <properties>
            <property name="Explicit" value="" />
          </properties>
        </test-case>
        <test-case name="Each_output_file_should_render_as_expected(&quot;/home/craig/Projects/ZPT-Sharp/ZptSharp.Tests/TestFiles/ZptIntegrationTests/ExpectedOutputs/test_metal7.html&quot;)" fullname="ZptSharp.ZptIntegrationTests.Each_output_file_should_render_as_expected" methodname="Each_output_file_should_render_as_expected" classname="ZptSharp.ZptIntegrationTests" result="Inconclusive" duration="0" asserts="0">
          <properties>
            <property name="Explicit" value="" />
          </properties>
        </test-case>
        <test-case name="Each_output_file_should_render_as_expected(&quot;/home/craig/Projects/ZPT-Sharp/ZptSharp.Tests/TestFiles/ZptIntegrationTests/ExpectedOutputs/GarbageMarkupInJavascript.html&quot;)" fullname="ZptSharp.ZptIntegrationTests.Each_output_file_should_render_as_expected" methodname="Each_output_file_should_render_as_expected" classname="ZptSharp.ZptIntegrationTests" result="Inconclusive" duration="0" asserts="0">
          <properties>
            <property name="Explicit" value="" />
          </properties>
        </test-case>
        <test-case name="Each_output_file_should_render_as_expected(&quot;/home/craig/Projects/ZPT-Sharp/ZptSharp.Tests/TestFiles/ZptIntegrationTests/ExpectedOutputs/test13.html&quot;)" fullname="ZptSharp.ZptIntegrationTests.Each_output_file_should_render_as_expected" methodname="Each_output_file_should_render_as_expected" classname="ZptSharp.ZptIntegrationTests" result="Inconclusive" duration="0" asserts="0">
          <properties>
            <property name="Explicit" value="" />
          </properties>
        </test-case>
        <test-case name="Each_output_file_should_render_as_expected(&quot;/home/craig/Projects/ZPT-Sharp/ZptSharp.Tests/TestFiles/ZptIntegrationTests/ExpectedOutputs/test_metal1.html&quot;)" fullname="ZptSharp.ZptIntegrationTests.Each_output_file_should_render_as_expected" methodname="Each_output_file_should_render_as_expected" classname="ZptSharp.ZptIntegrationTests" result="Inconclusive" duration="0" asserts="0">
          <properties>
            <property name="Explicit" value="" />
          </properties>
        </test-case>
        <test-case name="Each_output_file_should_render_as_expected(&quot;/home/craig/Projects/ZPT-Sharp/ZptSharp.Tests/TestFiles/ZptIntegrationTests/ExpectedOutputs/acme_template.html&quot;)" fullname="ZptSharp.ZptIntegrationTests.Each_output_file_should_render_as_expected" methodname="Each_output_file_should_render_as_expected" classname="ZptSharp.ZptIntegrationTests" result="Inconclusive" duration="0" asserts="0">
          <properties>
            <property name="Explicit" value="" />
          </properties>
        </test-case>
        <test-case name="Each_output_file_should_render_as_expected(&quot;/home/craig/Projects/ZPT-Sharp/ZptSharp.Tests/TestFiles/ZptIntegrationTests/ExpectedOutputs/test35.html&quot;)" fullname="ZptSharp.ZptIntegrationTests.Each_output_file_should_render_as_expected" methodname="Each_output_file_should_render_as_expected" classname="ZptSharp.ZptIntegrationTests" result="Inconclusive" duration="0" asserts="0">
          <properties>
            <property name="Explicit" value="" />
          </properties>
        </test-case>
      </test-suite>
    </test-suite>
    <test-suite type="TestSuite" name="ZptSharp" fullname="ZptSharp" total="189" passed="189" failed="0" inconclusive="0" skipped="0" result="Passed" duration="0.552799">
      <test-suite type="TestSuite" name="Dom" fullname="ZptSharp.Dom" total="46" passed="46" failed="0" inconclusive="0" skipped="0" result="Passed" duration="0.1773937">
        <test-suite type="TestFixture" name="AngleSharpDocumentProviderTests" fullname="ZptSharp.Dom.AngleSharpDocumentProviderTests" total="2" passed="2" failed="0" inconclusive="0" skipped="0" result="Passed" duration="0.098162">
          <test-case name="GetDocumentAsync_returns_instance_of_correct_type_when_parsing_html(auto&lt;RenderingConfig&gt;,auto&lt;AngleSharpDocumentProvider&gt;)" fullname="ZptSharp.Dom.AngleSharpDocumentProviderTests.GetDocumentAsync_returns_instance_of_correct_type_when_parsing_html" methodname="GetDocumentAsync_returns_instance_of_correct_type_when_parsing_html" classname="ZptSharp.Dom.AngleSharpDocumentProviderTests" result="Passed" duration="0.092511" asserts="0" />
          <test-case name="Provider_can_roundtrip_a_valid_html_document(auto&lt;RenderingConfig&gt;,auto&lt;AngleSharpDocumentProvider&gt;)" fullname="ZptSharp.Dom.AngleSharpDocumentProviderTests.Provider_can_roundtrip_a_valid_html_document" methodname="Provider_can_roundtrip_a_valid_html_document" classname="ZptSharp.Dom.AngleSharpDocumentProviderTests" result="Passed" duration="0.005651" asserts="0" />
        </test-suite>
        <test-suite type="TestFixture" name="AngleSharpElementTests" fullname="ZptSharp.Dom.AngleSharpElementTests" total="1" passed="1" failed="0" inconclusive="0" skipped="0" result="Passed" duration="0.000121">
          <test-case name="Ctor_creates_the_appropriate_object_model()" fullname="ZptSharp.Dom.AngleSharpElementTests.Ctor_creates_the_appropriate_object_model" methodname="Ctor_creates_the_appropriate_object_model" classname="ZptSharp.Dom.AngleSharpElementTests" result="Passed" duration="0.000121" asserts="0" />
        </test-suite>
        <test-suite type="TestFixture" name="AttributeSearcherTests" fullname="ZptSharp.Dom.AttributeSearcherTests" total="3" passed="3" failed="0" inconclusive="0" skipped="0" result="Passed" duration="0.01295">
          <test-case name="SearchForAttributes_does_not_return_non_matching_attributes(auto&lt;IDocument&gt;,auto&lt;IElement&gt;,auto&lt;IAttribute&gt;,auto&lt;AttributeSpec&gt;,auto&lt;AttributeSearcher&gt;)" fullname="ZptSharp.Dom.AttributeSearcherTests.SearchForAttributes_does_not_return_non_matching_attributes" methodname="SearchForAttributes_does_not_return_non_matching_attributes" classname="ZptSharp.Dom.AttributeSearcherTests" result="Passed" duration="0.004486" asserts="0" />
          <test-case name="SearchForAttributes_returns_all_matching_attributes_including_from_grandchild_elements(auto&lt;IDocument&gt;,auto&lt;IElement&gt;,auto&lt;IElement&gt;,auto&lt;IElement&gt;,auto&lt;IElement&gt;,auto&lt;IElement&gt;,auto&lt;IAttribute&gt;,auto&lt;IAttribute&gt;,auto&lt;AttributeSpec&gt;,auto&lt;AttributeSearcher&gt;)" fullname="ZptSharp.Dom.AttributeSearcherTests.SearchForAttributes_returns_all_matching_attributes_including_from_grandchild_elements" methodname="SearchForAttributes_returns_all_matching_attributes_including_from_grandchild_elements" classname="ZptSharp.Dom.AttributeSearcherTests" result="Passed" duration="0.007778" asserts="0" />
          <test-case name="SearchForAttributes_returns_an_attribute_from_the_root_element_if_used_as_the_basis_for_search(auto&lt;IElement&gt;,auto&lt;IAttribute&gt;,auto&lt;AttributeSpec&gt;,auto&lt;AttributeSearcher&gt;)" fullname="ZptSharp.Dom.AttributeSearcherTests.SearchForAttributes_returns_an_attribute_from_the_root_element_if_used_as_the_basis_for_search" methodname="SearchForAttributes_returns_an_attribute_from_the_root_element_if_used_as_the_basis_for_search" classname="ZptSharp.Dom.AttributeSearcherTests" result="Passed" duration="0.000686" asserts="0" />
        </test-suite>
        <test-suite type="TestFixture" name="DocumentReaderWriterBaseTests" fullname="ZptSharp.Dom.DocumentReaderWriterBaseTests" total="7" passed="7" failed="0" inconclusive="0" skipped="0" result="Passed" duration="0.0096039">
          <test-case name="GetDocumentAsync_throws_ANE_if_config_is_null(auto&lt;StubDocumentReaderWriter&gt;,auto&lt;Stream&gt;)" fullname="ZptSharp.Dom.DocumentReaderWriterBaseTests.GetDocumentAsync_throws_ANE_if_config_is_null" methodname="GetDocumentAsync_throws_ANE_if_config_is_null" classname="ZptSharp.Dom.DocumentReaderWriterBaseTests" result="Passed" duration="0.00721" asserts="0" />
          <test-case name="GetDocumentAsync_throws_ANE_if_stream_is_null(auto&lt;StubDocumentReaderWriter&gt;,auto&lt;RenderingConfig&gt;)" fullname="ZptSharp.Dom.DocumentReaderWriterBaseTests.GetDocumentAsync_throws_ANE_if_stream_is_null" methodname="GetDocumentAsync_throws_ANE_if_stream_is_null" classname="ZptSharp.Dom.DocumentReaderWriterBaseTests" result="Passed" duration="0.0003579" asserts="0" />
          <test-case name="GetDocumentAsync_throws_if_operation_is_cancelled(auto&lt;StubDocumentReaderWriter&gt;,auto&lt;Stream&gt;,auto&lt;RenderingConfig&gt;)" fullname="ZptSharp.Dom.DocumentReaderWriterBaseTests.GetDocumentAsync_throws_if_operation_is_cancelled" methodname="GetDocumentAsync_throws_if_operation_is_cancelled" classname="ZptSharp.Dom.DocumentReaderWriterBaseTests" result="Passed" duration="0.000487" asserts="0" />
          <test-case name="WriteDocumentAsync_throws_ANE_if_config_is_null(auto&lt;StubDocumentReaderWriter&gt;,auto&lt;StubDocument&gt;)" fullname="ZptSharp.Dom.DocumentReaderWriterBaseTests.WriteDocumentAsync_throws_ANE_if_config_is_null" methodname="WriteDocumentAsync_throws_ANE_if_config_is_null" classname="ZptSharp.Dom.DocumentReaderWriterBaseTests" result="Passed" duration="0.000492" asserts="0" />
          <test-case name="WriteDocumentAsync_throws_ANE_if_doc_is_null(auto&lt;StubDocumentReaderWriter&gt;,auto&lt;RenderingConfig&gt;)" fullname="ZptSharp.Dom.DocumentReaderWriterBaseTests.WriteDocumentAsync_throws_ANE_if_doc_is_null" methodname="WriteDocumentAsync_throws_ANE_if_doc_is_null" classname="ZptSharp.Dom.DocumentReaderWriterBaseTests" result="Passed" duration="0.000325" asserts="0" />
          <test-case name="WriteDocumentAsync_throws_ArgEx_if_doc_is_wrong_type(auto&lt;StubDocumentReaderWriter&gt;,auto&lt;RenderingConfig&gt;,auto&lt;IDocument&gt;)" fullname="ZptSharp.Dom.DocumentReaderWriterBaseTests.WriteDocumentAsync_throws_ArgEx_if_doc_is_wrong_type" methodname="WriteDocumentAsync_throws_ArgEx_if_doc_is_wrong_type" classname="ZptSharp.Dom.DocumentReaderWriterBaseTests" result="Passed" duration="0.000363" asserts="0" />
          <test-case name="WriteDocumentAsync_throws_if_operation_is_cancelled(auto&lt;StubDocumentReaderWriter&gt;,auto&lt;StubDocument&gt;,auto&lt;RenderingConfig&gt;)" fullname="ZptSharp.Dom.DocumentReaderWriterBaseTests.WriteDocumentAsync_throws_if_operation_is_cancelled" methodname="WriteDocumentAsync_throws_if_operation_is_cancelled" classname="ZptSharp.Dom.DocumentReaderWriterBaseTests" result="Passed" duration="0.000369" asserts="0" />
        </test-suite>
        <test-suite type="TestFixture" name="DocumentReaderWriterRegistryTests" fullname="ZptSharp.Dom.DocumentReaderWriterRegistryTests" total="6" passed="6" failed="0" inconclusive="0" skipped="0" result="Passed" duration="0.0119319">
          <test-case name="GetDocumentProvider_returns_matching_readerwriter_if_it_is_present(auto&lt;DocumentReaderWriterRegistry&gt;,auto&lt;IReadsAndWritesDocument&gt;,auto&lt;IReadsAndWritesDocument&gt;,auto&lt;String&gt;)" fullname="ZptSharp.Dom.DocumentReaderWriterRegistryTests.GetDocumentProvider_returns_matching_readerwriter_if_it_is_present" methodname="GetDocumentProvider_returns_matching_readerwriter_if_it_is_present" classname="ZptSharp.Dom.DocumentReaderWriterRegistryTests" result="Passed" duration="0.005388" asserts="0" />
          <test-case name="GetDocumentProvider_returns_null_if_no_matching_instances_present(auto&lt;DocumentReaderWriterRegistry&gt;,auto&lt;IReadsAndWritesDocument&gt;,auto&lt;IReadsAndWritesDocument&gt;,auto&lt;String&gt;)" fullname="ZptSharp.Dom.DocumentReaderWriterRegistryTests.GetDocumentProvider_returns_null_if_no_matching_instances_present" methodname="GetDocumentProvider_returns_null_if_no_matching_instances_present" classname="ZptSharp.Dom.DocumentReaderWriterRegistryTests" result="Passed" duration="0.001074" asserts="0" />
          <test-case name="RegisterDocumentReaderWriter_adds_instance_if_it_is_not_already_present(auto&lt;DocumentReaderWriterRegistry&gt;,auto&lt;IReadsAndWritesDocument&gt;)" fullname="ZptSharp.Dom.DocumentReaderWriterRegistryTests.RegisterDocumentReaderWriter_adds_instance_if_it_is_not_already_present" methodname="RegisterDocumentReaderWriter_adds_instance_if_it_is_not_already_present" classname="ZptSharp.Dom.DocumentReaderWriterRegistryTests" result="Passed" duration="0.000788" asserts="0" />
          <test-case name="RegisterDocumentReaderWriter_can_add_two_different_reader_writers(auto&lt;DocumentReaderWriterRegistry&gt;,auto&lt;IReadsAndWritesDocument&gt;,auto&lt;IReadsAndWritesDocument&gt;)" fullname="ZptSharp.Dom.DocumentReaderWriterRegistryTests.RegisterDocumentReaderWriter_can_add_two_different_reader_writers" methodname="RegisterDocumentReaderWriter_can_add_two_different_reader_writers" classname="ZptSharp.Dom.DocumentReaderWriterRegistryTests" result="Passed" duration="0.0041599" asserts="0" />
          <test-case name="RegisterDocumentReaderWriter_does_not_add_anything_if_it_has_already_been_added(auto&lt;DocumentReaderWriterRegistry&gt;,auto&lt;IReadsAndWritesDocument&gt;)" fullname="ZptSharp.Dom.DocumentReaderWriterRegistryTests.RegisterDocumentReaderWriter_does_not_add_anything_if_it_has_already_been_added" methodname="RegisterDocumentReaderWriter_does_not_add_anything_if_it_has_already_been_added" classname="ZptSharp.Dom.DocumentReaderWriterRegistryTests" result="Passed" duration="0.000112" asserts="0" />
          <test-case name="RegisterDocumentReaderWriter_throws_ANE_if_readerwriter_is_null(auto&lt;DocumentReaderWriterRegistry&gt;)" fullname="ZptSharp.Dom.DocumentReaderWriterRegistryTests.RegisterDocumentReaderWriter_throws_ANE_if_readerwriter_is_null" methodname="RegisterDocumentReaderWriter_throws_ANE_if_readerwriter_is_null" classname="ZptSharp.Dom.DocumentReaderWriterRegistryTests" result="Passed" duration="0.00041" asserts="0" />
        </test-suite>
        <test-suite type="TestFixture" name="HapDocumentProviderTests" fullname="ZptSharp.Dom.HapDocumentProviderTests" total="2" passed="2" failed="0" inconclusive="0" skipped="0" result="Passed" duration="0.024367">
          <test-case name="GetDocumentAsync_returns_instance_of_correct_type_when_parsing_html(auto&lt;RenderingConfig&gt;,auto&lt;HapDocumentProvider&gt;)" fullname="ZptSharp.Dom.HapDocumentProviderTests.GetDocumentAsync_returns_instance_of_correct_type_when_parsing_html" methodname="GetDocumentAsync_returns_instance_of_correct_type_when_parsing_html" classname="ZptSharp.Dom.HapDocumentProviderTests" result="Passed" duration="0.019733" asserts="0" />
          <test-case name="Provider_can_roundtrip_a_valid_html_document(auto&lt;RenderingConfig&gt;,auto&lt;HapDocumentProvider&gt;)" fullname="ZptSharp.Dom.HapDocumentProviderTests.Provider_can_roundtrip_a_valid_html_document" methodname="Provider_can_roundtrip_a_valid_html_document" classname="ZptSharp.Dom.HapDocumentProviderTests" result="Passed" duration="0.004634" asserts="0" />
        </test-suite>
        <test-suite type="TestFixture" name="NamespaceTests" fullname="ZptSharp.Dom.NamespaceTests" total="23" passed="23" failed="0" inconclusive="0" skipped="0" result="Passed" duration="0.012346">
          <test-case name="Equals_returns_false_for_a_namespace_with_a_different_uri()" fullname="ZptSharp.Dom.NamespaceTests.Equals_returns_false_for_a_namespace_with_a_different_uri" methodname="Equals_returns_false_for_a_namespace_with_a_different_uri" classname="ZptSharp.Dom.NamespaceTests" result="Passed" duration="0.001228" asserts="0" />
          <test-case name="Equals_returns_false_for_a_namespace_with_a_different_uri_even_when_prefixes_are_the_same(auto&lt;String&gt;)" fullname="ZptSharp.Dom.NamespaceTests.Equals_returns_false_for_a_namespace_with_a_different_uri_even_when_prefixes_are_the_same" methodname="Equals_returns_false_for_a_namespace_with_a_different_uri_even_when_prefixes_are_the_same" classname="ZptSharp.Dom.NamespaceTests" result="Passed" duration="0.000189" asserts="0" />
          <test-case name="Equals_returns_false_for_a_namespace_with_a_null_uri_if_the_first_namespace_uri_is_not_null(auto&lt;String&gt;,auto&lt;String&gt;)" fullname="ZptSharp.Dom.NamespaceTests.Equals_returns_false_for_a_namespace_with_a_null_uri_if_the_first_namespace_uri_is_not_null" methodname="Equals_returns_false_for_a_namespace_with_a_null_uri_if_the_first_namespace_uri_is_not_null" classname="ZptSharp.Dom.NamespaceTests" result="Passed" duration="0.000164" asserts="0" />
          <test-case name="Equals_returns_false_for_a_namespace_with_a_uri_if_the_first_namespace_uri_is_null(auto&lt;String&gt;,auto&lt;String&gt;)" fullname="ZptSharp.Dom.NamespaceTests.Equals_returns_false_for_a_namespace_with_a_uri_if_the_first_namespace_uri_is_null" methodname="Equals_returns_false_for_a_namespace_with_a_uri_if_the_first_namespace_uri_is_null" classname="ZptSharp.Dom.NamespaceTests" result="Passed" duration="0.000168" asserts="0" />
          <test-case name="Equals_returns_false_for_a_namespace_with_different_prefixes_if_uris_are_both_null()" fullname="ZptSharp.Dom.NamespaceTests.Equals_returns_false_for_a_namespace_with_different_prefixes_if_uris_are_both_null" methodname="Equals_returns_false_for_a_namespace_with_different_prefixes_if_uris_are_both_null" classname="ZptSharp.Dom.NamespaceTests" result="Passed" duration="0.000186" asserts="0" />
          <test-case name="Equals_returns_false_for_an_unrelated_object(auto&lt;Object&gt;)" fullname="ZptSharp.Dom.NamespaceTests.Equals_returns_false_for_an_unrelated_object" methodname="Equals_returns_false_for_an_unrelated_object" classname="ZptSharp.Dom.NamespaceTests" result="Passed" duration="0.000191" asserts="0" />
          <test-case name="Equals_returns_false_for_null(auto&lt;String&gt;,auto&lt;String&gt;)" fullname="ZptSharp.Dom.NamespaceTests.Equals_returns_false_for_null" methodname="Equals_returns_false_for_null" classname="ZptSharp.Dom.NamespaceTests" result="Passed" duration="0.00016" asserts="0" />
          <test-case name="Equals_returns_true_for_a_namespace_with_null_prefixes_if_uris_are_both_null()" fullname="ZptSharp.Dom.NamespaceTests.Equals_returns_true_for_a_namespace_with_null_prefixes_if_uris_are_both_null" methodname="Equals_returns_true_for_a_namespace_with_null_prefixes_if_uris_are_both_null" classname="ZptSharp.Dom.NamespaceTests" result="Passed" duration="0.00032" asserts="0" />
          <test-case name="Equals_returns_true_for_a_namespace_with_the_same_prefix_if_uris_are_both_null(auto&lt;String&gt;)" fullname="ZptSharp.Dom.NamespaceTests.Equals_returns_true_for_a_namespace_with_the_same_prefix_if_uris_are_both_null" methodname="Equals_returns_true_for_a_namespace_with_the_same_prefix_if_uris_are_both_null" classname="ZptSharp.Dom.NamespaceTests" result="Passed" duration="0.000176" asserts="0" />
          <test-case name="Equals_returns_true_for_a_namespace_with_the_same_uri_regardless_of_prefix(auto&lt;String&gt;)" fullname="ZptSharp.Dom.NamespaceTests.Equals_returns_true_for_a_namespace_with_the_same_uri_regardless_of_prefix" methodname="Equals_returns_true_for_a_namespace_with_the_same_uri_regardless_of_prefix" classname="ZptSharp.Dom.NamespaceTests" result="Passed" duration="0.00018" asserts="0" />
          <test-case name="Equals_returns_true_for_itself(auto&lt;String&gt;,auto&lt;String&gt;)" fullname="ZptSharp.Dom.NamespaceTests.Equals_returns_true_for_itself" methodname="Equals_returns_true_for_itself" classname="ZptSharp.Dom.NamespaceTests" result="Passed" duration="0.00016" asserts="0" />
          <test-case name="GetHashCode_returns_hash_code_of_prefix_if_uri_is_null_but_prefix_is_set(auto&lt;String&gt;)" fullname="ZptSharp.Dom.NamespaceTests.GetHashCode_returns_hash_code_of_prefix_if_uri_is_null_but_prefix_is_set" methodname="GetHashCode_returns_hash_code_of_prefix_if_uri_is_null_but_prefix_is_set" classname="ZptSharp.Dom.NamespaceTests" result="Passed" duration="0.007149" asserts="0" />
          <test-case name="GetHashCode_returns_hash_code_of_uri_if_both_uri_and_prefix_are_set(auto&lt;String&gt;,auto&lt;String&gt;)" fullname="ZptSharp.Dom.NamespaceTests.GetHashCode_returns_hash_code_of_uri_if_both_uri_and_prefix_are_set" methodname="GetHashCode_returns_hash_code_of_uri_if_both_uri_and_prefix_are_set" classname="ZptSharp.Dom.NamespaceTests" result="Passed" duration="0.0002" asserts="0" />
          <test-case name="GetHashCode_returns_hash_code_of_uri_if_it_is_set(auto&lt;String&gt;)" fullname="ZptSharp.Dom.NamespaceTests.GetHashCode_returns_hash_code_of_uri_if_it_is_set" methodname="GetHashCode_returns_hash_code_of_uri_if_it_is_set" classname="ZptSharp.Dom.NamespaceTests" result="Passed" duration="0.000183" asserts="0" />
          <test-case name="GetHashCode_returns_zero_if_both_prefix_and_uri_are_null()" fullname="ZptSharp.Dom.NamespaceTests.GetHashCode_returns_zero_if_both_prefix_and_uri_are_null" methodname="GetHashCode_returns_zero_if_both_prefix_and_uri_are_null" classname="ZptSharp.Dom.NamespaceTests" result="Passed" duration="0.000224" asserts="0" />
          <test-case name="Operator_equals_returns_false_if_namespaces_are_not_equal()" fullname="ZptSharp.Dom.NamespaceTests.Operator_equals_returns_false_if_namespaces_are_not_equal" methodname="Operator_equals_returns_false_if_namespaces_are_not_equal" classname="ZptSharp.Dom.NamespaceTests" result="Passed" duration="0.00022" asserts="0" />
          <test-case name="Operator_equals_returns_true_if_namespaces_are_equal(auto&lt;String&gt;)" fullname="ZptSharp.Dom.NamespaceTests.Operator_equals_returns_true_if_namespaces_are_equal" methodname="Operator_equals_returns_true_if_namespaces_are_equal" classname="ZptSharp.Dom.NamespaceTests" result="Passed" duration="0.000167" asserts="0" />
          <test-case name="Operator_notequals_returns_false_if_namespaces_are_equal(auto&lt;String&gt;)" fullname="ZptSharp.Dom.NamespaceTests.Operator_notequals_returns_false_if_namespaces_are_equal" methodname="Operator_notequals_returns_false_if_namespaces_are_equal" classname="ZptSharp.Dom.NamespaceTests" result="Passed" duration="0.000187" asserts="0" />
          <test-case name="Operator_notequals_returns_true_if_namespaces_are_not_equal()" fullname="ZptSharp.Dom.NamespaceTests.Operator_notequals_returns_true_if_namespaces_are_not_equal" methodname="Operator_notequals_returns_true_if_namespaces_are_not_equal" classname="ZptSharp.Dom.NamespaceTests" result="Passed" duration="0.000161" asserts="0" />
          <test-case name="ToString_returns_empty_string_if_both_prefix_and_uri_are_null()" fullname="ZptSharp.Dom.NamespaceTests.ToString_returns_empty_string_if_both_prefix_and_uri_are_null" methodname="ToString_returns_empty_string_if_both_prefix_and_uri_are_null" classname="ZptSharp.Dom.NamespaceTests" result="Passed" duration="0.000255" asserts="0" />
          <test-case name="ToString_returns_prefix_and_uri_if_both_are_set()" fullname="ZptSharp.Dom.NamespaceTests.ToString_returns_prefix_and_uri_if_both_are_set" methodname="ToString_returns_prefix_and_uri_if_both_are_set" classname="ZptSharp.Dom.NamespaceTests" result="Passed" duration="0.000168" asserts="0" />
          <test-case name="ToString_returns_prefix_if_uri_is_null_but_prefix_is_set(auto&lt;String&gt;)" fullname="ZptSharp.Dom.NamespaceTests.ToString_returns_prefix_if_uri_is_null_but_prefix_is_set" methodname="ToString_returns_prefix_if_uri_is_null_but_prefix_is_set" classname="ZptSharp.Dom.NamespaceTests" result="Passed" duration="0.000156" asserts="0" />
          <test-case name="ToString_returns_uri_if_it_is_set(auto&lt;String&gt;)" fullname="ZptSharp.Dom.NamespaceTests.ToString_returns_uri_if_it_is_set" methodname="ToString_returns_uri_if_it_is_set" classname="ZptSharp.Dom.NamespaceTests" result="Passed" duration="0.000154" asserts="0" />
        </test-suite>
        <test-suite type="TestFixture" name="XmlDocumentProviderTests" fullname="ZptSharp.Dom.XmlDocumentProviderTests" total="2" passed="2" failed="0" inconclusive="0" skipped="0" result="Passed" duration="0.0079119">
          <test-case name="GetDocumentAsync_returns_instance_of_correct_type_when_parsing_html(auto&lt;RenderingConfig&gt;,auto&lt;XmlDocumentProvider&gt;)" fullname="ZptSharp.Dom.XmlDocumentProviderTests.GetDocumentAsync_returns_instance_of_correct_type_when_parsing_html" methodname="GetDocumentAsync_returns_instance_of_correct_type_when_parsing_html" classname="ZptSharp.Dom.XmlDocumentProviderTests" result="Passed" duration="0.003641" asserts="0" />
          <test-case name="Provider_can_roundtrip_a_valid_html_document(auto&lt;RenderingConfig&gt;,auto&lt;XmlDocumentProvider&gt;)" fullname="ZptSharp.Dom.XmlDocumentProviderTests.Provider_can_roundtrip_a_valid_html_document" methodname="Provider_can_roundtrip_a_valid_html_document" classname="ZptSharp.Dom.XmlDocumentProviderTests" result="Passed" duration="0.0042709" asserts="0" />
        </test-suite>
      </test-suite>
      <test-suite type="TestSuite" name="Expressions" fullname="ZptSharp.Expressions" total="56" passed="56" failed="0" inconclusive="0" skipped="0" result="Passed" duration="0.0669747">
        <test-suite type="TestFixture" name="BuiltinContextsProviderFactoryTests" fullname="ZptSharp.Expressions.BuiltinContextsProviderFactoryTests" total="2" passed="2" failed="0" inconclusive="0" skipped="0" result="Passed" duration="0.006391">
          <test-case name="GetBuiltinContextsProvider_creates_instance_if_not_available_on_config(auto&lt;ExpressionContext&gt;,auto&lt;RenderingConfig&gt;,auto&lt;IGetsNamedTalesValue&gt;,auto&lt;BuiltinContextsProviderFactory&gt;)" fullname="ZptSharp.Expressions.BuiltinContextsProviderFactoryTests.GetBuiltinContextsProvider_creates_instance_if_not_available_on_config" methodname="GetBuiltinContextsProvider_creates_instance_if_not_available_on_config" classname="ZptSharp.Expressions.BuiltinContextsProviderFactoryTests" result="Passed" duration="0.003518" asserts="0" />
          <test-case name="GetBuiltinContextsProvider_returns_context_from_config_it_exists_there(auto&lt;ExpressionContext&gt;,auto&lt;RenderingConfig&gt;,auto&lt;IGetsNamedTalesValue&gt;,auto&lt;BuiltinContextsProviderFactory&gt;)" fullname="ZptSharp.Expressions.BuiltinContextsProviderFactoryTests.GetBuiltinContextsProvider_returns_context_from_config_it_exists_there" methodname="GetBuiltinContextsProvider_returns_context_from_config_it_exists_there" classname="ZptSharp.Expressions.BuiltinContextsProviderFactoryTests" result="Passed" duration="0.002873" asserts="0" />
        </test-suite>
        <test-suite type="TestFixture" name="BuiltinContextsProviderTests" fullname="ZptSharp.Expressions.BuiltinContextsProviderTests" total="8" passed="8" failed="0" inconclusive="0" skipped="0" result="Passed" duration="0.011426">
          <test-case name="TryGetValueAsync_returns_cancellation_token_when_default_requested(auto&lt;ExpressionContext&gt;,auto&lt;RenderingConfig&gt;,auto&lt;IGetsMetalDocumentAdapter&gt;,auto&lt;BuiltinContextsProvider&gt;)" fullname="ZptSharp.Expressions.BuiltinContextsProviderTests.TryGetValueAsync_returns_cancellation_token_when_default_requested" methodname="TryGetValueAsync_returns_cancellation_token_when_default_requested" classname="ZptSharp.Expressions.BuiltinContextsProviderTests" result="Passed" duration="0.001523" asserts="0" />
          <test-case name="TryGetValueAsync_returns_directory_info_when_container_requested(auto&lt;ExpressionContext&gt;,auto&lt;RenderingConfig&gt;,auto&lt;IGetsMetalDocumentAdapter&gt;,auto&lt;IDocument&gt;,auto&lt;BuiltinContextsProvider&gt;)" fullname="ZptSharp.Expressions.BuiltinContextsProviderTests.TryGetValueAsync_returns_directory_info_when_container_requested" methodname="TryGetValueAsync_returns_directory_info_when_container_requested" classname="ZptSharp.Expressions.BuiltinContextsProviderTests" result="Passed" duration="0.002576" asserts="0" />
          <test-case name="TryGetValueAsync_returns_element_attributes_collection_when_attributes_requested(auto&lt;ExpressionContext&gt;,auto&lt;RenderingConfig&gt;,auto&lt;IGetsMetalDocumentAdapter&gt;,auto&lt;IElement&gt;,auto&lt;IAttribute&gt;,auto&lt;String&gt;,auto&lt;IAttribute&gt;,auto&lt;String&gt;,auto&lt;BuiltinContextsProvider&gt;)" fullname="ZptSharp.Expressions.BuiltinContextsProviderTests.TryGetValueAsync_returns_element_attributes_collection_when_attributes_requested" methodname="TryGetValueAsync_returns_element_attributes_collection_when_attributes_requested" classname="ZptSharp.Expressions.BuiltinContextsProviderTests" result="Passed" duration="0.003342" asserts="0" />
          <test-case name="TryGetValueAsync_returns_model_when_here_requested(auto&lt;Object&gt;,auto&lt;ExpressionContext&gt;,auto&lt;RenderingConfig&gt;,auto&lt;IGetsMetalDocumentAdapter&gt;,auto&lt;BuiltinContextsProvider&gt;)" fullname="ZptSharp.Expressions.BuiltinContextsProviderTests.TryGetValueAsync_returns_model_when_here_requested" methodname="TryGetValueAsync_returns_model_when_here_requested" classname="ZptSharp.Expressions.BuiltinContextsProviderTests" result="Passed" duration="0.000509" asserts="0" />
          <test-case name="TryGetValueAsync_returns_null_when_nothing_requested(auto&lt;ExpressionContext&gt;,auto&lt;RenderingConfig&gt;,auto&lt;IGetsMetalDocumentAdapter&gt;,auto&lt;BuiltinContextsProvider&gt;)" fullname="ZptSharp.Expressions.BuiltinContextsProviderTests.TryGetValueAsync_returns_null_when_nothing_requested" methodname="TryGetValueAsync_returns_null_when_nothing_requested" classname="ZptSharp.Expressions.BuiltinContextsProviderTests" result="Passed" duration="0.000473" asserts="0" />
          <test-case name="TryGetValueAsync_returns_options_dictionary_when_options_requested(auto&lt;ExpressionContext&gt;,auto&lt;RenderingConfig&gt;,auto&lt;IGetsMetalDocumentAdapter&gt;,auto&lt;Dictionary`2&gt;,auto&lt;BuiltinContextsProvider&gt;)" fullname="ZptSharp.Expressions.BuiltinContextsProviderTests.TryGetValueAsync_returns_options_dictionary_when_options_requested" methodname="TryGetValueAsync_returns_options_dictionary_when_options_requested" classname="ZptSharp.Expressions.BuiltinContextsProviderTests" result="Passed" duration="0.001038" asserts="0" />
          <test-case name="TryGetValueAsync_returns_repetitions_dictionary_when_repeat_requested(auto&lt;ExpressionContext&gt;,auto&lt;RenderingConfig&gt;,auto&lt;IGetsMetalDocumentAdapter&gt;,auto&lt;BuiltinContextsProvider&gt;)" fullname="ZptSharp.Expressions.BuiltinContextsProviderTests.TryGetValueAsync_returns_repetitions_dictionary_when_repeat_requested" methodname="TryGetValueAsync_returns_repetitions_dictionary_when_repeat_requested" classname="ZptSharp.Expressions.BuiltinContextsProviderTests" result="Passed" duration="0.000475" asserts="0" />
          <test-case name="TryGetValueAsync_returns_template_object_when_template_requested(auto&lt;ExpressionContext&gt;,auto&lt;RenderingConfig&gt;,auto&lt;IGetsMetalDocumentAdapter&gt;,auto&lt;IDocument&gt;,auto&lt;BuiltinContextsProvider&gt;)" fullname="ZptSharp.Expressions.BuiltinContextsProviderTests.TryGetValueAsync_returns_template_object_when_template_requested" methodname="TryGetValueAsync_returns_template_object_when_template_requested" classname="ZptSharp.Expressions.BuiltinContextsProviderTests" result="Passed" duration="0.00149" asserts="0" />
        </test-suite>
        <test-suite type="TestFixture" name="DefaultPathExpressionDecoratorTests" fullname="ZptSharp.Expressions.DefaultPathExpressionDecoratorTests" total="2" passed="2" failed="0" inconclusive="0" skipped="0" result="Passed" duration="0.002118">
          <test-case name="GetExpressionType_returns_path_if_wrapped_result_is_null(auto&lt;IGetsExpressionType&gt;,auto&lt;DefaultPathExpressionDecorator&gt;,auto&lt;String&gt;)" fullname="ZptSharp.Expressions.DefaultPathExpressionDecoratorTests.GetExpressionType_returns_path_if_wrapped_result_is_null" methodname="GetExpressionType_returns_path_if_wrapped_result_is_null" classname="ZptSharp.Expressions.DefaultPathExpressionDecoratorTests" result="Passed" duration="0.001516" asserts="0" />
          <test-case name="GetExpressionType_returns_wrapped_result_if_it_is_not_null(auto&lt;IGetsExpressionType&gt;,auto&lt;DefaultPathExpressionDecorator&gt;,auto&lt;String&gt;,auto&lt;String&gt;)" fullname="ZptSharp.Expressions.DefaultPathExpressionDecoratorTests.GetExpressionType_returns_wrapped_result_if_it_is_not_null" methodname="GetExpressionType_returns_wrapped_result_if_it_is_not_null" classname="ZptSharp.Expressions.DefaultPathExpressionDecoratorTests" result="Passed" duration="0.000602" asserts="0" />
        </test-suite>
        <test-suite type="TestFixture" name="EvaluatorTypeRegistryTests" fullname="ZptSharp.Expressions.EvaluatorTypeRegistryTests" total="17" passed="17" failed="0" inconclusive="0" skipped="0" result="Passed" duration="0.0072768">
          <test-case name="GetEvaluatorType_gets_type_of_evaluator_using_resolver_if_it_is_registered(auto&lt;EvaluatorTypeRegistry&gt;,auto&lt;String&gt;,auto&lt;StubEvaluator&gt;)" fullname="ZptSharp.Expressions.EvaluatorTypeRegistryTests.GetEvaluatorType_gets_type_of_evaluator_using_resolver_if_it_is_registered" methodname="GetEvaluatorType_gets_type_of_evaluator_using_resolver_if_it_is_registered" classname="ZptSharp.Expressions.EvaluatorTypeRegistryTests" result="Passed" duration="0.001029" asserts="0" />
          <test-case name="GetEvaluatorType_throws_ANE_if_expression_type_is_null(auto&lt;EvaluatorTypeRegistry&gt;,auto&lt;String&gt;)" fullname="ZptSharp.Expressions.EvaluatorTypeRegistryTests.GetEvaluatorType_throws_ANE_if_expression_type_is_null" methodname="GetEvaluatorType_throws_ANE_if_expression_type_is_null" classname="ZptSharp.Expressions.EvaluatorTypeRegistryTests" result="Passed" duration="0.000371" asserts="0" />
          <test-case name="GetEvaluatorType_throws_if_expression_type_is_not_registered(auto&lt;EvaluatorTypeRegistry&gt;,auto&lt;String&gt;)" fullname="ZptSharp.Expressions.EvaluatorTypeRegistryTests.GetEvaluatorType_throws_if_expression_type_is_not_registered" methodname="GetEvaluatorType_throws_if_expression_type_is_not_registered" classname="ZptSharp.Expressions.EvaluatorTypeRegistryTests" result="Passed" duration="0.000994" asserts="0" />
          <test-case name="GetRegisteredExpressionTypes_gets_correct_list_of_expression_types(auto&lt;EvaluatorTypeRegistry&gt;,auto&lt;String&gt;)" fullname="ZptSharp.Expressions.EvaluatorTypeRegistryTests.GetRegisteredExpressionTypes_gets_correct_list_of_expression_types" methodname="GetRegisteredExpressionTypes_gets_correct_list_of_expression_types" classname="ZptSharp.Expressions.EvaluatorTypeRegistryTests" result="Passed" duration="0.00041" asserts="0" />
          <test-case name="IsRegistered_returns_false_after_expression_type_is_unregistered(auto&lt;EvaluatorTypeRegistry&gt;,auto&lt;String&gt;)" fullname="ZptSharp.Expressions.EvaluatorTypeRegistryTests.IsRegistered_returns_false_after_expression_type_is_unregistered" methodname="IsRegistered_returns_false_after_expression_type_is_unregistered" classname="ZptSharp.Expressions.EvaluatorTypeRegistryTests" result="Passed" duration="0.000328" asserts="0" />
          <test-case name="IsRegistered_returns_false_if_not_registered(auto&lt;EvaluatorTypeRegistry&gt;,auto&lt;String&gt;)" fullname="ZptSharp.Expressions.EvaluatorTypeRegistryTests.IsRegistered_returns_false_if_not_registered" methodname="IsRegistered_returns_false_if_not_registered" classname="ZptSharp.Expressions.EvaluatorTypeRegistryTests" result="Passed" duration="0.000165" asserts="0" />
          <test-case name="IsRegistered_returns_true_if_registered(auto&lt;EvaluatorTypeRegistry&gt;,auto&lt;String&gt;)" fullname="ZptSharp.Expressions.EvaluatorTypeRegistryTests.IsRegistered_returns_true_if_registered" methodname="IsRegistered_returns_true_if_registered" classname="ZptSharp.Expressions.EvaluatorTypeRegistryTests" result="Passed" duration="0.000167" asserts="0" />
          <test-case name="IsRegistered_throws_ANE_if_expression_type_is_null(auto&lt;EvaluatorTypeRegistry&gt;)" fullname="ZptSharp.Expressions.EvaluatorTypeRegistryTests.IsRegistered_throws_ANE_if_expression_type_is_null" methodname="IsRegistered_throws_ANE_if_expression_type_is_null" classname="ZptSharp.Expressions.EvaluatorTypeRegistryTests" result="Passed" duration="0.000327" asserts="0" />
          <test-case name="RegisterEvaluatorType_does_not_throw_if_an_expression_type_is_registered_once(auto&lt;EvaluatorTypeRegistry&gt;,auto&lt;String&gt;)" fullname="ZptSharp.Expressions.EvaluatorTypeRegistryTests.RegisterEvaluatorType_does_not_throw_if_an_expression_type_is_registered_once" methodname="RegisterEvaluatorType_does_not_throw_if_an_expression_type_is_registered_once" classname="ZptSharp.Expressions.EvaluatorTypeRegistryTests" result="Passed" duration="0.00037" asserts="0" />
          <test-case name="RegisterEvaluatorType_throws_ANE_if_evaluator_type_is_null(auto&lt;EvaluatorTypeRegistry&gt;,auto&lt;String&gt;)" fullname="ZptSharp.Expressions.EvaluatorTypeRegistryTests.RegisterEvaluatorType_throws_ANE_if_evaluator_type_is_null" methodname="RegisterEvaluatorType_throws_ANE_if_evaluator_type_is_null" classname="ZptSharp.Expressions.EvaluatorTypeRegistryTests" result="Passed" duration="0.000317" asserts="0" />
          <test-case name="RegisterEvaluatorType_throws_if_evaluator_type_is_wrong_impl_type(auto&lt;EvaluatorTypeRegistry&gt;,auto&lt;String&gt;)" fullname="ZptSharp.Expressions.EvaluatorTypeRegistryTests.RegisterEvaluatorType_throws_if_evaluator_type_is_wrong_impl_type" methodname="RegisterEvaluatorType_throws_if_evaluator_type_is_wrong_impl_type" classname="ZptSharp.Expressions.EvaluatorTypeRegistryTests" result="Passed" duration="0.000378" asserts="0" />
          <test-case name="RegisterEvaluatorType_throws_if_expression_type_is_already_registered(auto&lt;EvaluatorTypeRegistry&gt;,auto&lt;String&gt;)" fullname="ZptSharp.Expressions.EvaluatorTypeRegistryTests.RegisterEvaluatorType_throws_if_expression_type_is_already_registered" methodname="RegisterEvaluatorType_throws_if_expression_type_is_already_registered" classname="ZptSharp.Expressions.EvaluatorTypeRegistryTests" result="Passed" duration="0.000379" asserts="0" />
          <test-case name="RegisterEvaluatorType_throws_if_expression_type_is_empty_string(auto&lt;EvaluatorTypeRegistry&gt;)" fullname="ZptSharp.Expressions.EvaluatorTypeRegistryTests.RegisterEvaluatorType_throws_if_expression_type_is_empty_string" methodname="RegisterEvaluatorType_throws_if_expression_type_is_empty_string" classname="ZptSharp.Expressions.EvaluatorTypeRegistryTests" result="Passed" duration="0.0003579" asserts="0" />
          <test-case name="RegisterEvaluatorType_throws_if_expression_type_is_null(auto&lt;EvaluatorTypeRegistry&gt;)" fullname="ZptSharp.Expressions.EvaluatorTypeRegistryTests.RegisterEvaluatorType_throws_if_expression_type_is_null" methodname="RegisterEvaluatorType_throws_if_expression_type_is_null" classname="ZptSharp.Expressions.EvaluatorTypeRegistryTests" result="Passed" duration="0.000293" asserts="0" />
          <test-case name="Unregister_returns_false_if_not_registered(auto&lt;EvaluatorTypeRegistry&gt;,auto&lt;String&gt;)" fullname="ZptSharp.Expressions.EvaluatorTypeRegistryTests.Unregister_returns_false_if_not_registered" methodname="Unregister_returns_false_if_not_registered" classname="ZptSharp.Expressions.EvaluatorTypeRegistryTests" result="Passed" duration="0.000167" asserts="0" />
          <test-case name="Unregister_returns_true_if_registered(auto&lt;EvaluatorTypeRegistry&gt;,auto&lt;String&gt;)" fullname="ZptSharp.Expressions.EvaluatorTypeRegistryTests.Unregister_returns_true_if_registered" methodname="Unregister_returns_true_if_registered" classname="ZptSharp.Expressions.EvaluatorTypeRegistryTests" result="Passed" duration="0.0001689" asserts="0" />
          <test-case name="Unregister_throws_ANE_if_expression_type_is_null(auto&lt;EvaluatorTypeRegistry&gt;)" fullname="ZptSharp.Expressions.EvaluatorTypeRegistryTests.Unregister_throws_ANE_if_expression_type_is_null" methodname="Unregister_throws_ANE_if_expression_type_is_null" classname="ZptSharp.Expressions.EvaluatorTypeRegistryTests" result="Passed" duration="0.001055" asserts="0" />
        </test-suite>
        <test-suite type="TestFixture" name="EvaluatorTypeResolverTests" fullname="ZptSharp.Expressions.EvaluatorTypeResolverTests" total="1" passed="1" failed="0" inconclusive="0" skipped="0" result="Passed" duration="0.003139">
          <test-case name="GetEvaluator_returns_instance_resolved_using_resolver_and_registry(auto&lt;IRegistersExpressionEvaluator&gt;,auto&lt;IServiceProvider&gt;,auto&lt;EvaluatorTypeResolver&gt;,auto&lt;String&gt;)" fullname="ZptSharp.Expressions.EvaluatorTypeResolverTests.GetEvaluator_returns_instance_resolved_using_resolver_and_registry" methodname="GetEvaluator_returns_instance_resolved_using_resolver_and_registry" classname="ZptSharp.Expressions.EvaluatorTypeResolverTests" result="Passed" duration="0.003139" asserts="0" />
        </test-suite>
        <test-suite type="TestFixture" name="ExpressionContextTests" fullname="ZptSharp.Expressions.ExpressionContextTests" total="8" passed="8" failed="0" inconclusive="0" skipped="0" result="Passed" duration="0.002756">
          <test-case name="Constructor_should_clone_local_definitions(auto&lt;IElement&gt;,auto&lt;IDictionary`2&gt;)" fullname="ZptSharp.Expressions.ExpressionContextTests.Constructor_should_clone_local_definitions" methodname="Constructor_should_clone_local_definitions" classname="ZptSharp.Expressions.ExpressionContextTests" result="Passed" duration="0.000832" asserts="0" />
          <test-case name="Constructor_should_clone_repetition_info(auto&lt;IElement&gt;,auto&lt;IDictionary`2&gt;)" fullname="ZptSharp.Expressions.ExpressionContextTests.Constructor_should_clone_repetition_info" methodname="Constructor_should_clone_repetition_info" classname="ZptSharp.Expressions.ExpressionContextTests" result="Passed" duration="0.000443" asserts="0" />
          <test-case name="Constructor_should_use_same_collection_for_global_definitions(auto&lt;IElement&gt;,auto&lt;IDictionary`2&gt;)" fullname="ZptSharp.Expressions.ExpressionContextTests.Constructor_should_use_same_collection_for_global_definitions" methodname="Constructor_should_use_same_collection_for_global_definitions" classname="ZptSharp.Expressions.ExpressionContextTests" result="Passed" duration="0.000149" asserts="0" />
          <test-case name="Constructor_throws_ANE_if_element_is_null()" fullname="ZptSharp.Expressions.ExpressionContextTests.Constructor_throws_ANE_if_element_is_null" methodname="Constructor_throws_ANE_if_element_is_null" classname="ZptSharp.Expressions.ExpressionContextTests" result="Passed" duration="0.000453" asserts="0" />
          <test-case name="CreateChild_should_clone_local_definitions(auto&lt;ExpressionContext&gt;,auto&lt;IElement&gt;)" fullname="ZptSharp.Expressions.ExpressionContextTests.CreateChild_should_clone_local_definitions" methodname="CreateChild_should_clone_local_definitions" classname="ZptSharp.Expressions.ExpressionContextTests" result="Passed" duration="0.000292" asserts="0" />
          <test-case name="CreateChild_should_clone_repetition_info(auto&lt;ExpressionContext&gt;,auto&lt;IElement&gt;)" fullname="ZptSharp.Expressions.ExpressionContextTests.CreateChild_should_clone_repetition_info" methodname="CreateChild_should_clone_repetition_info" classname="ZptSharp.Expressions.ExpressionContextTests" result="Passed" duration="0.000153" asserts="0" />
          <test-case name="CreateChild_should_use_same_collection_for_global_definitions(auto&lt;ExpressionContext&gt;,auto&lt;IElement&gt;)" fullname="ZptSharp.Expressions.ExpressionContextTests.CreateChild_should_use_same_collection_for_global_definitions" methodname="CreateChild_should_use_same_collection_for_global_definitions" classname="ZptSharp.Expressions.ExpressionContextTests" result="Passed" duration="0.000102" asserts="0" />
          <test-case name="CreateChild_throws_ANE_if_element_is_null(auto&lt;ExpressionContext&gt;)" fullname="ZptSharp.Expressions.ExpressionContextTests.CreateChild_throws_ANE_if_element_is_null" methodname="CreateChild_throws_ANE_if_element_is_null" classname="ZptSharp.Expressions.ExpressionContextTests" result="Passed" duration="0.000332" asserts="0" />
        </test-suite>
        <test-suite type="TestFixture" name="ExpressionEvaluatorExtensionsTests" fullname="ZptSharp.Expressions.ExpressionEvaluatorExtensionsTests" total="3" passed="3" failed="0" inconclusive="0" skipped="0" result="Passed" duration="0.009743">
          <test-case name="EvaluateExpressionAsync_throws_ANE_if_evaluator_is_null(auto&lt;String&gt;,auto&lt;ExpressionContext&gt;)" fullname="ZptSharp.Expressions.ExpressionEvaluatorExtensionsTests.EvaluateExpressionAsync_throws_ANE_if_evaluator_is_null" methodname="EvaluateExpressionAsync_throws_ANE_if_evaluator_is_null" classname="ZptSharp.Expressions.ExpressionEvaluatorExtensionsTests" result="Passed" duration="0.00058" asserts="0" />
          <test-case name="EvaluateExpressionAsync_throws_EvaluationException_if_result_is_wrong_type(auto&lt;IEvaluatesExpression&gt;,auto&lt;String&gt;,auto&lt;ExpressionContext&gt;,auto&lt;Int32&gt;)" fullname="ZptSharp.Expressions.ExpressionEvaluatorExtensionsTests.EvaluateExpressionAsync_throws_EvaluationException_if_result_is_wrong_type" methodname="EvaluateExpressionAsync_throws_EvaluationException_if_result_is_wrong_type" classname="ZptSharp.Expressions.ExpressionEvaluatorExtensionsTests" result="Passed" duration="0.007772" asserts="0" />
          <test-case name="EvaluateExpressionAsync_uses_evaluator_to_resolve_expression(auto&lt;IEvaluatesExpression&gt;,auto&lt;String&gt;,auto&lt;ExpressionContext&gt;,auto&lt;String&gt;)" fullname="ZptSharp.Expressions.ExpressionEvaluatorExtensionsTests.EvaluateExpressionAsync_uses_evaluator_to_resolve_expression" methodname="EvaluateExpressionAsync_uses_evaluator_to_resolve_expression" classname="ZptSharp.Expressions.ExpressionEvaluatorExtensionsTests" result="Passed" duration="0.001391" asserts="0" />
        </test-suite>
        <test-suite type="TestFixture" name="NamedTalesValueForExpressionContextAdapterTests" fullname="ZptSharp.Expressions.NamedTalesValueForExpressionContextAdapterTests" total="7" passed="7" failed="0" inconclusive="0" skipped="0" result="Passed" duration="0.010538">
          <test-case name="TryGetValueAsync_returns_built_in_context_if_contexts_requested(auto&lt;ExpressionContext&gt;,auto&lt;RenderingConfig&gt;,auto&lt;IGetsBuiltinContextsProvider&gt;,auto&lt;IGetsNamedTalesValue&gt;,auto&lt;NamedTalesValueForExpressionContextAdapter&gt;)" fullname="ZptSharp.Expressions.NamedTalesValueForExpressionContextAdapterTests.TryGetValueAsync_returns_built_in_context_if_contexts_requested" methodname="TryGetValueAsync_returns_built_in_context_if_contexts_requested" classname="ZptSharp.Expressions.NamedTalesValueForExpressionContextAdapterTests" result="Passed" duration="0.003213" asserts="0" />
          <test-case name="TryGetValueAsync_returns_built_in_context_if_contexts_requested_even_if_there_is_a_local_variable(auto&lt;ExpressionContext&gt;,auto&lt;RenderingConfig&gt;,auto&lt;IGetsBuiltinContextsProvider&gt;,auto&lt;IGetsNamedTalesValue&gt;,auto&lt;Object&gt;,auto&lt;NamedTalesValueForExpressionContextAdapter&gt;)" fullname="ZptSharp.Expressions.NamedTalesValueForExpressionContextAdapterTests.TryGetValueAsync_returns_built_in_context_if_contexts_requested_even_if_there_is_a_local_variable" methodname="TryGetValueAsync_returns_built_in_context_if_contexts_requested_even_if_there_is_a_local_variable" classname="ZptSharp.Expressions.NamedTalesValueForExpressionContextAdapterTests" result="Passed" duration="0.001231" asserts="0" />
          <test-case name="TryGetValueAsync_returns_value_from_built_in_context_if_no_local_or_global_variable(auto&lt;ExpressionContext&gt;,auto&lt;RenderingConfig&gt;,auto&lt;IGetsNamedTalesValue&gt;,auto&lt;IGetsBuiltinContextsProvider&gt;,auto&lt;String&gt;,auto&lt;Object&gt;,auto&lt;NamedTalesValueForExpressionContextAdapter&gt;)" fullname="ZptSharp.Expressions.NamedTalesValueForExpressionContextAdapterTests.TryGetValueAsync_returns_value_from_built_in_context_if_no_local_or_global_variable" methodname="TryGetValueAsync_returns_value_from_built_in_context_if_no_local_or_global_variable" classname="ZptSharp.Expressions.NamedTalesValueForExpressionContextAdapterTests" result="Passed" duration="0.00237" asserts="0" />
          <test-case name="TryGetValueAsync_returns_value_from_global_variable_if_it_exists(auto&lt;ExpressionContext&gt;,auto&lt;RenderingConfig&gt;,auto&lt;String&gt;,auto&lt;Object&gt;,auto&lt;NamedTalesValueForExpressionContextAdapter&gt;)" fullname="ZptSharp.Expressions.NamedTalesValueForExpressionContextAdapterTests.TryGetValueAsync_returns_value_from_global_variable_if_it_exists" methodname="TryGetValueAsync_returns_value_from_global_variable_if_it_exists" classname="ZptSharp.Expressions.NamedTalesValueForExpressionContextAdapterTests" result="Passed" duration="0.001078" asserts="0" />
          <test-case name="TryGetValueAsync_returns_value_from_global_variable_over_built_in_context_in_case_of_naming_collision(auto&lt;ExpressionContext&gt;,auto&lt;RenderingConfig&gt;,auto&lt;IGetsNamedTalesValue&gt;,auto&lt;IGetsBuiltinContextsProvider&gt;,auto&lt;String&gt;,auto&lt;Object&gt;,auto&lt;Object&gt;,auto&lt;NamedTalesValueForExpressionContextAdapter&gt;)" fullname="ZptSharp.Expressions.NamedTalesValueForExpressionContextAdapterTests.TryGetValueAsync_returns_value_from_global_variable_over_built_in_context_in_case_of_naming_collision" methodname="TryGetValueAsync_returns_value_from_global_variable_over_built_in_context_in_case_of_naming_collision" classname="ZptSharp.Expressions.NamedTalesValueForExpressionContextAdapterTests" result="Passed" duration="0.001689" asserts="0" />
          <test-case name="TryGetValueAsync_returns_value_from_local_variable_if_it_exists(auto&lt;ExpressionContext&gt;,auto&lt;RenderingConfig&gt;,auto&lt;String&gt;,auto&lt;Object&gt;,auto&lt;NamedTalesValueForExpressionContextAdapter&gt;)" fullname="ZptSharp.Expressions.NamedTalesValueForExpressionContextAdapterTests.TryGetValueAsync_returns_value_from_local_variable_if_it_exists" methodname="TryGetValueAsync_returns_value_from_local_variable_if_it_exists" classname="ZptSharp.Expressions.NamedTalesValueForExpressionContextAdapterTests" result="Passed" duration="0.00048" asserts="0" />
          <test-case name="TryGetValueAsync_returns_value_from_local_variable_over_global_in_case_of_naming_collision(auto&lt;ExpressionContext&gt;,auto&lt;RenderingConfig&gt;,auto&lt;String&gt;,auto&lt;Object&gt;,auto&lt;Object&gt;,auto&lt;NamedTalesValueForExpressionContextAdapter&gt;)" fullname="ZptSharp.Expressions.NamedTalesValueForExpressionContextAdapterTests.TryGetValueAsync_returns_value_from_local_variable_over_global_in_case_of_naming_collision" methodname="TryGetValueAsync_returns_value_from_local_variable_over_global_in_case_of_naming_collision" classname="ZptSharp.Expressions.NamedTalesValueForExpressionContextAdapterTests" result="Passed" duration="0.000477" asserts="0" />
        </test-suite>
        <test-suite type="TestFixture" name="PrefixExpressionTypeProviderTests" fullname="ZptSharp.Expressions.PrefixExpressionTypeProviderTests" total="7" passed="7" failed="0" inconclusive="0" skipped="0" result="Passed" duration="0.0096199">
          <test-case name="GetExpressionType_returns_foobar_for_a_foobar_expression(auto&lt;PrefixExpressionTypeProvider&gt;)" fullname="ZptSharp.Expressions.PrefixExpressionTypeProviderTests.GetExpressionType_returns_foobar_for_a_foobar_expression" methodname="GetExpressionType_returns_foobar_for_a_foobar_expression" classname="ZptSharp.Expressions.PrefixExpressionTypeProviderTests" result="Passed" duration="0.007384" asserts="0" />
          <test-case name="GetExpressionType_returns_null_for_an_empty_string_expression(auto&lt;PrefixExpressionTypeProvider&gt;)" fullname="ZptSharp.Expressions.PrefixExpressionTypeProviderTests.GetExpressionType_returns_null_for_an_empty_string_expression" methodname="GetExpressionType_returns_null_for_an_empty_string_expression" classname="ZptSharp.Expressions.PrefixExpressionTypeProviderTests" result="Passed" duration="0.000187" asserts="0" />
          <test-case name="GetExpressionType_returns_null_for_an_expression_with_no_prefix(auto&lt;PrefixExpressionTypeProvider&gt;)" fullname="ZptSharp.Expressions.PrefixExpressionTypeProviderTests.GetExpressionType_returns_null_for_an_expression_with_no_prefix" methodname="GetExpressionType_returns_null_for_an_expression_with_no_prefix" classname="ZptSharp.Expressions.PrefixExpressionTypeProviderTests" result="Passed" duration="0.000876" asserts="0" />
          <test-case name="GetExpressionType_throws_ANE_for_a_null_expression(auto&lt;PrefixExpressionTypeProvider&gt;)" fullname="ZptSharp.Expressions.PrefixExpressionTypeProviderTests.GetExpressionType_throws_ANE_for_a_null_expression" methodname="GetExpressionType_throws_ANE_for_a_null_expression" classname="ZptSharp.Expressions.PrefixExpressionTypeProviderTests" result="Passed" duration="0.0003379" asserts="0" />
          <test-case name="GetExpressionWithoutPrefix_returns_an_expression_with_prefix_removed(auto&lt;PrefixExpressionTypeProvider&gt;)" fullname="ZptSharp.Expressions.PrefixExpressionTypeProviderTests.GetExpressionWithoutPrefix_returns_an_expression_with_prefix_removed" methodname="GetExpressionWithoutPrefix_returns_an_expression_with_prefix_removed" classname="ZptSharp.Expressions.PrefixExpressionTypeProviderTests" result="Passed" duration="0.000318" asserts="0" />
          <test-case name="GetExpressionWithoutPrefix_the_same_expression_if_it_has_no_prefix(auto&lt;PrefixExpressionTypeProvider&gt;)" fullname="ZptSharp.Expressions.PrefixExpressionTypeProviderTests.GetExpressionWithoutPrefix_the_same_expression_if_it_has_no_prefix" methodname="GetExpressionWithoutPrefix_the_same_expression_if_it_has_no_prefix" classname="ZptSharp.Expressions.PrefixExpressionTypeProviderTests" result="Passed" duration="0.000209" asserts="0" />
          <test-case name="GetExpressionWithoutPrefix_throws_ANE_for_a_null_expression(auto&lt;PrefixExpressionTypeProvider&gt;)" fullname="ZptSharp.Expressions.PrefixExpressionTypeProviderTests.GetExpressionWithoutPrefix_throws_ANE_for_a_null_expression" methodname="GetExpressionWithoutPrefix_throws_ANE_for_a_null_expression" classname="ZptSharp.Expressions.PrefixExpressionTypeProviderTests" result="Passed" duration="0.000308" asserts="0" />
        </test-suite>
        <test-suite type="TestFixture" name="RegistryBasedExpressionEvaluatorTests" fullname="ZptSharp.Expressions.RegistryBasedExpressionEvaluatorTests" total="1" passed="1" failed="0" inconclusive="0" skipped="0" result="Passed" duration="0.003967">
[...]
          </test-suite>
          <test-suite type="TestFixture" name="EnumerableValueProviderTests" fullname="ZptSharp.PathExpressions.ValueProviders.EnumerableValueProviderTests" total="7" passed="7" failed="0" inconclusive="0" skipped="0" result="Passed" duration="0.020824">
            <test-case name="TryGetValueAsync_can_return_failure_result_from_enumerable_for_index_higher_than_last_index(auto&lt;EnumerableValueProvider&gt;)" fullname="ZptSharp.PathExpressions.ValueProviders.EnumerableValueProviderTests.TryGetValueAsync_can_return_failure_result_from_enumerable_for_index_higher_than_last_index" methodname="TryGetValueAsync_can_return_failure_result_from_enumerable_for_index_higher_than_last_index" classname="ZptSharp.PathExpressions.ValueProviders.EnumerableValueProviderTests" result="Passed" duration="0.000638" asserts="0" />
            <test-case name="TryGetValueAsync_can_return_failure_result_from_enumerable_for_index_lower_than_zero(auto&lt;EnumerableValueProvider&gt;)" fullname="ZptSharp.PathExpressions.ValueProviders.EnumerableValueProviderTests.TryGetValueAsync_can_return_failure_result_from_enumerable_for_index_lower_than_zero" methodname="TryGetValueAsync_can_return_failure_result_from_enumerable_for_index_lower_than_zero" classname="ZptSharp.PathExpressions.ValueProviders.EnumerableValueProviderTests" result="Passed" duration="0.012001" asserts="0" />
            <test-case name="TryGetValueAsync_can_return_failure_result_from_list_for_index_higher_than_last_index(auto&lt;EnumerableValueProvider&gt;)" fullname="ZptSharp.PathExpressions.ValueProviders.EnumerableValueProviderTests.TryGetValueAsync_can_return_failure_result_from_list_for_index_higher_than_last_index" methodname="TryGetValueAsync_can_return_failure_result_from_list_for_index_higher_than_last_index" classname="ZptSharp.PathExpressions.ValueProviders.EnumerableValueProviderTests" result="Passed" duration="0.000442" asserts="0" />
            <test-case name="TryGetValueAsync_can_return_failure_result_from_list_for_index_lower_than_zero(auto&lt;EnumerableValueProvider&gt;)" fullname="ZptSharp.PathExpressions.ValueProviders.EnumerableValueProviderTests.TryGetValueAsync_can_return_failure_result_from_list_for_index_lower_than_zero" methodname="TryGetValueAsync_can_return_failure_result_from_list_for_index_lower_than_zero" classname="ZptSharp.PathExpressions.ValueProviders.EnumerableValueProviderTests" result="Passed" duration="0.000437" asserts="0" />
            <test-case name="TryGetValueAsync_can_return_successful_result_with_item_from_enumerable(auto&lt;EnumerableValueProvider&gt;)" fullname="ZptSharp.PathExpressions.ValueProviders.EnumerableValueProviderTests.TryGetValueAsync_can_return_successful_result_with_item_from_enumerable" methodname="TryGetValueAsync_can_return_successful_result_with_item_from_enumerable" classname="ZptSharp.PathExpressions.ValueProviders.EnumerableValueProviderTests" result="Passed" duration="0.000507" asserts="0" />
            <test-case name="TryGetValueAsync_can_return_successful_result_with_item_from_list(auto&lt;EnumerableValueProvider&gt;)" fullname="ZptSharp.PathExpressions.ValueProviders.EnumerableValueProviderTests.TryGetValueAsync_can_return_successful_result_with_item_from_list" methodname="TryGetValueAsync_can_return_successful_result_with_item_from_list" classname="ZptSharp.PathExpressions.ValueProviders.EnumerableValueProviderTests" result="Passed" duration="0.000538" asserts="0" />
            <test-case name="TryGetValueAsync_returns_result_from_wrapped_service_if_object_is_not_enumerable(auto&lt;IGetsValueFromObject&gt;,auto&lt;EnumerableValueProvider&gt;,auto&lt;GetValueResult&gt;)" fullname="ZptSharp.PathExpressions.ValueProviders.EnumerableValueProviderTests.TryGetValueAsync_returns_result_from_wrapped_service_if_object_is_not_enumerable" methodname="TryGetValueAsync_returns_result_from_wrapped_service_if_object_is_not_enumerable" classname="ZptSharp.PathExpressions.ValueProviders.EnumerableValueProviderTests" result="Passed" duration="0.006261" asserts="0" />
          </test-suite>
          <test-suite type="TestFixture" name="ExpressionContextWrappingDecoratorTests" fullname="ZptSharp.PathExpressions.ValueProviders.ExpressionContextWrappingDecoratorTests" total="2" passed="2" failed="0" inconclusive="0" skipped="0" result="Passed" duration="0.016199">
            <test-case name="TryGetValueAsync_returns_value_from_wrapped_service_using_context_adaper_when_input_object_is_expression_context(auto&lt;RenderingConfig&gt;,auto&lt;IGetsValueFromObject&gt;,auto&lt;ExpressionContextWrappingDecorator&gt;,auto&lt;ExpressionContext&gt;,auto&lt;GetValueResult&gt;,auto&lt;String&gt;)" fullname="ZptSharp.PathExpressions.ValueProviders.ExpressionContextWrappingDecoratorTests.TryGetValueAsync_returns_value_from_wrapped_service_using_context_adaper_when_input_object_is_expression_context" methodname="TryGetValueAsync_returns_value_from_wrapped_service_using_context_adaper_when_input_object_is_expression_context" classname="ZptSharp.PathExpressions.ValueProviders.ExpressionContextWrappingDecoratorTests" result="Passed" duration="0.014854" asserts="0" />
            <test-case name="TryGetValueAsync_returns_value_from_wrapped_service_using_original_input_when_input_is_not_expression_context(auto&lt;RenderingConfig&gt;,auto&lt;IGetsValueFromObject&gt;,auto&lt;ExpressionContextWrappingDecorator&gt;,auto&lt;Object&gt;,auto&lt;GetValueResult&gt;,auto&lt;String&gt;)" fullname="ZptSharp.PathExpressions.ValueProviders.ExpressionContextWrappingDecoratorTests.TryGetValueAsync_returns_value_from_wrapped_service_using_original_input_when_input_is_not_expression_context" methodname="TryGetValueAsync_returns_value_from_wrapped_service_using_original_input_when_input_is_not_expression_context" classname="ZptSharp.PathExpressions.ValueProviders.ExpressionContextWrappingDecoratorTests" result="Passed" duration="0.001345" asserts="0" />
          </test-suite>
          <test-suite type="TestFixture" name="FailureValueProviderTests" fullname="ZptSharp.PathExpressions.ValueProviders.FailureValueProviderTests" total="1" passed="1" failed="0" inconclusive="0" skipped="0" result="Passed" duration="0.000453">
            <test-case name="TryGetValueAsync_returns_failure_result(auto&lt;FailureValueProvider&gt;,auto&lt;String&gt;,auto&lt;Object&gt;)" fullname="ZptSharp.PathExpressions.ValueProviders.FailureValueProviderTests.TryGetValueAsync_returns_failure_result" methodname="TryGetValueAsync_returns_failure_result" classname="ZptSharp.PathExpressions.ValueProviders.FailureValueProviderTests" result="Passed" duration="0.000453" asserts="0" />
          </test-suite>
          <test-suite type="TestFixture" name="IntegerKeyedDictionaryValueProviderTests" fullname="ZptSharp.PathExpressions.ValueProviders.IntegerKeyedDictionaryValueProviderTests" total="5" passed="5" failed="0" inconclusive="0" skipped="0" result="Passed" duration="0.005751">
            <test-case name="TryGetValueAsync_returns_failure_result_for_nonexistent_integer_object_dictionary_item(auto&lt;IntegerKeyedDictionaryValueProvider&gt;,auto&lt;Object&gt;)" fullname="ZptSharp.PathExpressions.ValueProviders.IntegerKeyedDictionaryValueProviderTests.TryGetValueAsync_returns_failure_result_for_nonexistent_integer_object_dictionary_item" methodname="TryGetValueAsync_returns_failure_result_for_nonexistent_integer_object_dictionary_item" classname="ZptSharp.PathExpressions.ValueProviders.IntegerKeyedDictionaryValueProviderTests" result="Passed" duration="0.001759" asserts="0" />
            <test-case name="TryGetValueAsync_returns_failure_result_for_nonexistent_integer_string_dictionary_item(auto&lt;IntegerKeyedDictionaryValueProvider&gt;,auto&lt;String&gt;)" fullname="ZptSharp.PathExpressions.ValueProviders.IntegerKeyedDictionaryValueProviderTests.TryGetValueAsync_returns_failure_result_for_nonexistent_integer_string_dictionary_item" methodname="TryGetValueAsync_returns_failure_result_for_nonexistent_integer_string_dictionary_item" classname="ZptSharp.PathExpressions.ValueProviders.IntegerKeyedDictionaryValueProviderTests" result="Passed" duration="0.001233" asserts="0" />
            <test-case name="TryGetValueAsync_returns_result_from_wrapped_service_if_object_is_not_a_dictionary_keyed_by_integer(auto&lt;IGetsValueFromObject&gt;,auto&lt;IntegerKeyedDictionaryValueProvider&gt;,auto&lt;Int32&gt;,auto&lt;Object&gt;,auto&lt;GetValueResult&gt;)" fullname="ZptSharp.PathExpressions.ValueProviders.IntegerKeyedDictionaryValueProviderTests.TryGetValueAsync_returns_result_from_wrapped_service_if_object_is_not_a_dictionary_keyed_by_integer" methodname="TryGetValueAsync_returns_result_from_wrapped_service_if_object_is_not_a_dictionary_keyed_by_integer" classname="ZptSharp.PathExpressions.ValueProviders.IntegerKeyedDictionaryValueProviderTests" result="Passed" duration="0.001686" asserts="0" />
            <test-case name="TryGetValueAsync_returns_success_result_for_existing_integer_object_dictionary_item(auto&lt;IntegerKeyedDictionaryValueProvider&gt;,auto&lt;Object&gt;)" fullname="ZptSharp.PathExpressions.ValueProviders.IntegerKeyedDictionaryValueProviderTests.TryGetValueAsync_returns_success_result_for_existing_integer_object_dictionary_item" methodname="TryGetValueAsync_returns_success_result_for_existing_integer_object_dictionary_item" classname="ZptSharp.PathExpressions.ValueProviders.IntegerKeyedDictionaryValueProviderTests" result="Passed" duration="0.000484" asserts="0" />
            <test-case name="TryGetValueAsync_returns_success_result_for_existing_integer_string_dictionary_item(auto&lt;IntegerKeyedDictionaryValueProvider&gt;,auto&lt;String&gt;)" fullname="ZptSharp.PathExpressions.ValueProviders.IntegerKeyedDictionaryValueProviderTests.TryGetValueAsync_returns_success_result_for_existing_integer_string_dictionary_item" methodname="TryGetValueAsync_returns_success_result_for_existing_integer_string_dictionary_item" classname="ZptSharp.PathExpressions.ValueProviders.IntegerKeyedDictionaryValueProviderTests" result="Passed" duration="0.000589" asserts="0" />
          </test-suite>
          <test-suite type="TestFixture" name="NamedTalesValueProviderTests" fullname="ZptSharp.PathExpressions.ValueProviders.NamedTalesValueProviderTests" total="2" passed="2" failed="0" inconclusive="0" skipped="0" result="Passed" duration="0.011293">
            <test-case name="TryGetValueAsync_returns_result_from_object_if_it_is_IGetsNamedTalesValue(auto&lt;NamedTalesValueProvider&gt;,auto&lt;String&gt;,auto&lt;IGetsNamedTalesValue&gt;,auto&lt;GetValueResult&gt;)" fullname="ZptSharp.PathExpressions.ValueProviders.NamedTalesValueProviderTests.TryGetValueAsync_returns_result_from_object_if_it_is_IGetsNamedTalesValue" methodname="TryGetValueAsync_returns_result_from_object_if_it_is_IGetsNamedTalesValue" classname="ZptSharp.PathExpressions.ValueProviders.NamedTalesValueProviderTests" result="Passed" duration="0.001196" asserts="0" />
            <test-case name="TryGetValueAsync_returns_result_from_wrapped_service_if_object_is_not_IGetsNamedTalesValue(auto&lt;IGetsValueFromObject&gt;,auto&lt;NamedTalesValueProvider&gt;,auto&lt;String&gt;,auto&lt;Object&gt;,auto&lt;GetValueResult&gt;)" fullname="ZptSharp.PathExpressions.ValueProviders.NamedTalesValueProviderTests.TryGetValueAsync_returns_result_from_wrapped_service_if_object_is_not_IGetsNamedTalesValue" methodname="TryGetValueAsync_returns_result_from_wrapped_service_if_object_is_not_IGetsNamedTalesValue" classname="ZptSharp.PathExpressions.ValueProviders.NamedTalesValueProviderTests" result="Passed" duration="0.010097" asserts="0" />
          </test-suite>
          <test-suite type="TestFixture" name="ReflectionObjectValueProviderTests" fullname="ZptSharp.PathExpressions.ValueProviders.ReflectionObjectValueProviderTests" total="5" passed="5" failed="0" inconclusive="0" skipped="0" result="Passed" duration="0.011107">
            <test-case name="ReflectionObjectValueProvider_returns_value_from_field_when_name_matches(auto&lt;ReflectionObjectValueProvider&gt;,auto&lt;MyCustomType&gt;,auto&lt;GetValueResult&gt;)" fullname="ZptSharp.PathExpressions.ValueProviders.ReflectionObjectValueProviderTests.ReflectionObjectValueProvider_returns_value_from_field_when_name_matches" methodname="ReflectionObjectValueProvider_returns_value_from_field_when_name_matches" classname="ZptSharp.PathExpressions.ValueProviders.ReflectionObjectValueProviderTests" result="Passed" duration="0.001934" asserts="0" />
            <test-case name="ReflectionObjectValueProvider_returns_value_from_method_when_name_matches(auto&lt;ReflectionObjectValueProvider&gt;,auto&lt;MyCustomType&gt;,auto&lt;GetValueResult&gt;)" fullname="ZptSharp.PathExpressions.ValueProviders.ReflectionObjectValueProviderTests.ReflectionObjectValueProvider_returns_value_from_method_when_name_matches" methodname="ReflectionObjectValueProvider_returns_value_from_method_when_name_matches" classname="ZptSharp.PathExpressions.ValueProviders.ReflectionObjectValueProviderTests" result="Passed" duration="0.00625" asserts="0" />
            <test-case name="ReflectionObjectValueProvider_returns_value_from_property_when_name_matches(auto&lt;ReflectionObjectValueProvider&gt;,auto&lt;MyCustomType&gt;,auto&lt;GetValueResult&gt;)" fullname="ZptSharp.PathExpressions.ValueProviders.ReflectionObjectValueProviderTests.ReflectionObjectValueProvider_returns_value_from_property_when_name_matches" methodname="ReflectionObjectValueProvider_returns_value_from_property_when_name_matches" classname="ZptSharp.PathExpressions.ValueProviders.ReflectionObjectValueProviderTests" result="Passed" duration="0.000506" asserts="0" />
            <test-case name="ReflectionObjectValueProvider_returns_value_from_wrapped_service_if_no_members_match(auto&lt;IGetsValueFromObject&gt;,auto&lt;ReflectionObjectValueProvider&gt;,auto&lt;MyCustomType&gt;,auto&lt;GetValueResult&gt;)" fullname="ZptSharp.PathExpressions.ValueProviders.ReflectionObjectValueProviderTests.ReflectionObjectValueProvider_returns_value_from_wrapped_service_if_no_members_match" methodname="ReflectionObjectValueProvider_returns_value_from_wrapped_service_if_no_members_match" classname="ZptSharp.PathExpressions.ValueProviders.ReflectionObjectValueProviderTests" result="Passed" duration="0.001288" asserts="0" />
            <test-case name="ReflectionObjectValueProvider_returns_value_from_wrapped_service_if_object_is_null(auto&lt;IGetsValueFromObject&gt;,auto&lt;ReflectionObjectValueProvider&gt;,auto&lt;String&gt;,auto&lt;GetValueResult&gt;)" fullname="ZptSharp.PathExpressions.ValueProviders.ReflectionObjectValueProviderTests.ReflectionObjectValueProvider_returns_value_from_wrapped_service_if_object_is_null" methodname="ReflectionObjectValueProvider_returns_value_from_wrapped_service_if_object_is_null" classname="ZptSharp.PathExpressions.ValueProviders.ReflectionObjectValueProviderTests" result="Passed" duration="0.001129" asserts="0" />
          </test-suite>
          <test-suite type="TestFixture" name="StringKeyedDictionaryValueProviderTests" fullname="ZptSharp.PathExpressions.ValueProviders.StringKeyedDictionaryValueProviderTests" total="7" passed="7" failed="0" inconclusive="0" skipped="0" result="Passed" duration="0.0556329">
            <test-case name="TryGetValueAsync_returns_failure_result_for_nonexistent_item_in_expando_object(auto&lt;StringKeyedDictionaryValueProvider&gt;)" fullname="ZptSharp.PathExpressions.ValueProviders.StringKeyedDictionaryValueProviderTests.TryGetValueAsync_returns_failure_result_for_nonexistent_item_in_expando_object" methodname="TryGetValueAsync_returns_failure_result_for_nonexistent_item_in_expando_object" classname="ZptSharp.PathExpressions.ValueProviders.StringKeyedDictionaryValueProviderTests" result="Passed" duration="0.0489879" asserts="0" />
            <test-case name="TryGetValueAsync_returns_failure_result_for_nonexistent_string_object_dictionary_item(auto&lt;StringKeyedDictionaryValueProvider&gt;,auto&lt;Object&gt;)" fullname="ZptSharp.PathExpressions.ValueProviders.StringKeyedDictionaryValueProviderTests.TryGetValueAsync_returns_failure_result_for_nonexistent_string_object_dictionary_item" methodname="TryGetValueAsync_returns_failure_result_for_nonexistent_string_object_dictionary_item" classname="ZptSharp.PathExpressions.ValueProviders.StringKeyedDictionaryValueProviderTests" result="Passed" duration="0.000495" asserts="0" />
            <test-case name="TryGetValueAsync_returns_failure_result_for_nonexistent_string_string_dictionary_item(auto&lt;StringKeyedDictionaryValueProvider&gt;,auto&lt;String&gt;)" fullname="ZptSharp.PathExpressions.ValueProviders.StringKeyedDictionaryValueProviderTests.TryGetValueAsync_returns_failure_result_for_nonexistent_string_string_dictionary_item" methodname="TryGetValueAsync_returns_failure_result_for_nonexistent_string_string_dictionary_item" classname="ZptSharp.PathExpressions.ValueProviders.StringKeyedDictionaryValueProviderTests" result="Passed" duration="0.000806" asserts="0" />
            <test-case name="TryGetValueAsync_returns_result_from_wrapped_service_if_object_is_not_a_dictionary_keyed_by_string(auto&lt;IGetsValueFromObject&gt;,auto&lt;StringKeyedDictionaryValueProvider&gt;,auto&lt;String&gt;,auto&lt;Object&gt;,auto&lt;GetValueResult&gt;)" fullname="ZptSharp.PathExpressions.ValueProviders.StringKeyedDictionaryValueProviderTests.TryGetValueAsync_returns_result_from_wrapped_service_if_object_is_not_a_dictionary_keyed_by_string" methodname="TryGetValueAsync_returns_result_from_wrapped_service_if_object_is_not_a_dictionary_keyed_by_string" classname="ZptSharp.PathExpressions.ValueProviders.StringKeyedDictionaryValueProviderTests" result="Passed" duration="0.00149" asserts="0" />
            <test-case name="TryGetValueAsync_returns_success_result_for_existing_item_in_expando_object(auto&lt;StringKeyedDictionaryValueProvider&gt;)" fullname="ZptSharp.PathExpressions.ValueProviders.StringKeyedDictionaryValueProviderTests.TryGetValueAsync_returns_success_result_for_existing_item_in_expando_object" methodname="TryGetValueAsync_returns_success_result_for_existing_item_in_expando_object" classname="ZptSharp.PathExpressions.ValueProviders.StringKeyedDictionaryValueProviderTests" result="Passed" duration="0.002879" asserts="0" />
            <test-case name="TryGetValueAsync_returns_success_result_for_existing_string_object_dictionary_item(auto&lt;StringKeyedDictionaryValueProvider&gt;,auto&lt;Object&gt;)" fullname="ZptSharp.PathExpressions.ValueProviders.StringKeyedDictionaryValueProviderTests.TryGetValueAsync_returns_success_result_for_existing_string_object_dictionary_item" methodname="TryGetValueAsync_returns_success_result_for_existing_string_object_dictionary_item" classname="ZptSharp.PathExpressions.ValueProviders.StringKeyedDictionaryValueProviderTests" result="Passed" duration="0.000428" asserts="0" />
            <test-case name="TryGetValueAsync_returns_success_result_for_existing_string_string_dictionary_item(auto&lt;StringKeyedDictionaryValueProvider&gt;,auto&lt;String&gt;)" fullname="ZptSharp.PathExpressions.ValueProviders.StringKeyedDictionaryValueProviderTests.TryGetValueAsync_returns_success_result_for_existing_string_string_dictionary_item" methodname="TryGetValueAsync_returns_success_result_for_existing_string_string_dictionary_item" classname="ZptSharp.PathExpressions.ValueProviders.StringKeyedDictionaryValueProviderTests" result="Passed" duration="0.000547" asserts="0" />
          </test-suite>
        </test-suite>
      </test-suite>
    </test-suite>
    <errors />
  </test-suite>
</test-run>